Log file open, 07/06/20 10:55:28
LogWindows: Failed to load 'aqProf.dll' (GetLastError=126)
LogWindows: File 'aqProf.dll' does not exist
LogWindows: Failed to load 'VtuneApi.dll' (GetLastError=126)
LogWindows: File 'VtuneApi.dll' does not exist
LogWindows: Failed to load 'VtuneApi32e.dll' (GetLastError=126)
LogWindows: File 'VtuneApi32e.dll' does not exist
LogConsoleResponse: Display: Failed to find resolution value strings in scalability ini. Falling back to default.
LogInit: Display: Running engine for game: ZombiesBruh
LogPlatformFile: Not using cached read wrapper
LogTaskGraph: Started task graph with 5 named threads and 14 total threads with 3 sets of task threads.
LogStats: Stats thread started at 1.666097
LogD3D11RHI: Loaded GFSDK_Aftermath_Lib.x64.dll
LogICUInternationalization: ICU TimeZone Detection - Raw Offset: +10:00, Platform Override: ''
LogPluginManager: Mounting plugin Paper2D
LogPluginManager: Mounting plugin AISupport
LogPluginManager: Mounting plugin LightPropagationVolume
LogPluginManager: Mounting plugin ActorLayerUtilities
LogPluginManager: Mounting plugin AnimationSharing
LogPluginManager: Mounting plugin CLionSourceCodeAccess
LogPluginManager: Mounting plugin CodeLiteSourceCodeAccess
LogPluginManager: Mounting plugin GitSourceControl
LogPluginManager: Mounting plugin KDevelopSourceCodeAccess
LogPluginManager: Mounting plugin NullSourceCodeAccess
LogPluginManager: Mounting plugin PerforceSourceControl
LogPluginManager: Mounting plugin PlasticSourceControl
LogPluginManager: Mounting plugin SubversionSourceControl
LogPluginManager: Mounting plugin UObjectPlugin
LogPluginManager: Mounting plugin VisualStudioCodeSourceCodeAccess
LogPluginManager: Mounting plugin VisualStudioSourceCodeAccess
LogPluginManager: Mounting plugin XCodeSourceCodeAccess
LogPluginManager: Mounting plugin AssetManagerEditor
LogPluginManager: Mounting plugin CryptoKeys
LogPluginManager: Mounting plugin CurveEditorTools
LogPluginManager: Mounting plugin DataValidation
LogPluginManager: Mounting plugin FacialAnimation
LogPluginManager: Mounting plugin GameplayTagsEditor
LogPluginManager: Mounting plugin MacGraphicsSwitching
LogPluginManager: Mounting plugin MaterialAnalyzer
LogPluginManager: Mounting plugin MobileLauncherProfileWizard
LogPluginManager: Mounting plugin PluginBrowser
LogPluginManager: Mounting plugin SpeedTreeImporter
LogPluginManager: Mounting plugin DatasmithContent
LogPluginManager: Mounting plugin VariantManagerContent
LogPluginManager: Mounting plugin AlembicImporter
LogPluginManager: Mounting plugin AutomationUtils
LogPluginManager: Mounting plugin BackChannel
LogPluginManager: Mounting plugin CharacterAI
LogPluginManager: Mounting plugin GeometryCache
LogPluginManager: Mounting plugin PlatformCrypto
LogPluginManager: Mounting plugin ProxyLODPlugin
LogPluginManager: Mounting plugin SkeletalReduction
LogPluginManager: Mounting plugin MagicLeap
LogPluginManager: Mounting plugin MagicLeapMedia
LogPluginManager: Mounting plugin MLSDK
LogPluginManager: Mounting plugin AndroidMedia
LogPluginManager: Mounting plugin AvfMedia
LogPluginManager: Mounting plugin ImgMedia
LogPluginManager: Mounting plugin MediaCompositing
LogPluginManager: Mounting plugin MediaPlayerEditor
LogPluginManager: Mounting plugin WebMMedia
LogPluginManager: Mounting plugin WmfMedia
LogPluginManager: Mounting plugin TcpMessaging
LogPluginManager: Mounting plugin UdpMessaging
LogPluginManager: Mounting plugin ActorSequence
LogPluginManager: Mounting plugin LevelSequenceEditor
LogPluginManager: Mounting plugin MatineeToLevelSequence
LogPluginManager: Mounting plugin NetcodeUnitTest
LogPluginManager: Mounting plugin NUTUnrealEngine4
LogPluginManager: Mounting plugin OnlineSubsystemGooglePlay
LogPluginManager: Mounting plugin OnlineSubsystemIOS
LogPluginManager: Mounting plugin OnlineSubsystem
LogPluginManager: Mounting plugin OnlineSubsystemNull
LogPluginManager: Mounting plugin OnlineSubsystemUtils
LogPluginManager: Mounting plugin LauncherChunkInstaller
LogPluginManager: Mounting plugin AndroidDeviceProfileSelector
LogPluginManager: Mounting plugin AndroidMoviePlayer
LogPluginManager: Mounting plugin AndroidPermission
LogPluginManager: Mounting plugin AppleImageUtils
LogPluginManager: Mounting plugin AppleMoviePlayer
LogPluginManager: Mounting plugin ArchVisCharacter
LogPluginManager: Mounting plugin AssetTags
LogPluginManager: Mounting plugin AudioCapture
LogPluginManager: Mounting plugin CableComponent
LogPluginManager: Mounting plugin CustomMeshComponent
LogPluginManager: Mounting plugin EditableMesh
LogPluginManager: Mounting plugin ExampleDeviceProfileSelector
LogPluginManager: Mounting plugin GoogleCloudMessaging
LogPluginManager: Mounting plugin IOSDeviceProfileSelector
LogPluginManager: Mounting plugin LinuxDeviceProfileSelector
LogPluginManager: Mounting plugin LocationServicesBPLibrary
LogPluginManager: Mounting plugin MobilePatchingUtils
LogPluginManager: Mounting plugin OculusVR
LogPluginManager: Mounting plugin PhysXVehicles
LogPluginManager: Mounting plugin PostSplashScreen
LogPluginManager: Mounting plugin ProceduralMeshComponent
LogPluginManager: Mounting plugin RuntimePhysXCooking
LogPluginManager: Mounting plugin SignificanceManager
LogPluginManager: Mounting plugin SteamVR
LogPluginManager: Mounting plugin WebMMoviePlayer
LogPluginManager: Mounting plugin WindowsMoviePlayer
LogPluginManager: Mounting plugin ScreenshotTools
LogInit: Using libcurl 7.55.1-DEV
LogInit:  - built for x86_64-pc-win32
LogInit:  - supports SSL with OpenSSL/1.1.1
LogInit:  - supports HTTP deflate (compression) using libz 1.2.8
LogInit:  - other features:
LogInit:      CURL_VERSION_SSL
LogInit:      CURL_VERSION_LIBZ
LogInit:      CURL_VERSION_IPV6
LogInit:      CURL_VERSION_ASYNCHDNS
LogInit:      CURL_VERSION_LARGEFILE
LogInit:      CURL_VERSION_IDN
LogInit:  CurlRequestOptions (configurable via config and command line):
LogInit:  - bVerifyPeer = true  - Libcurl will verify peer certificate
LogInit:  - bUseHttpProxy = false  - Libcurl will NOT use HTTP proxy
LogInit:  - bDontReuseConnections = false  - Libcurl will reuse connections
LogInit:  - MaxHostConnections = 16  - Libcurl will limit the number of connections to a host
LogInit:  - LocalHostAddr = Default
LogInit:  - BufferSize = 65536
LogOnline: OSS: Creating online subsystem instance for: NULL
LogInit: WinSock: version 1.1 (2.2), MaxSocks=32767, MaxUdp=65467
LogOnline: OSS: TryLoadSubsystemAndSetDefault: Loaded subsystem for module [NULL]
LogInit: Build: ++UE4+Release-4.24-CL-11590370
LogInit: Engine Version: 4.24.3-11590370+++UE4+Release-4.24
LogInit: Compatible Engine Version: 4.24.0-10570792+++UE4+Release-4.24
LogInit: Net CL: 10570792
LogInit: OS: Windows 10 (Release 1903) (), CPU: Intel(R) Core(TM) i5-4440 CPU @ 3.10GHz, GPU: NVIDIA GeForce GTX 1060 6GB
LogInit: Compiled (64-bit): Feb 24 2020 15:39:18
LogInit: Compiled with Visual C++: 19.16.27032.01
LogInit: Build Configuration: Development
LogInit: Branch Name: ++UE4+Release-4.24
LogInit: Command Line: 
LogInit: Base Directory: F:/Epic Games/UE_4.24/Engine/Binaries/Win64/
LogInit: Installed Engine Build: 1
LogDevObjectVersion: Number of dev versions registered: 25
LogDevObjectVersion:   Dev-Blueprints (B0D832E4-1F89-4F0D-ACCF-7EB736FD4AA2): 10
LogDevObjectVersion:   Dev-Build (E1C64328-A22C-4D53-A36C-8E866417BD8C): 0
LogDevObjectVersion:   Dev-Core (375EC13C-06E4-48FB-B500-84F0262A717E): 3
LogDevObjectVersion:   Dev-Editor (E4B068ED-F494-42E9-A231-DA0B2E46BB41): 37
LogDevObjectVersion:   Dev-Framework (CFFC743F-43B0-4480-9391-14DF171D2073): 36
LogDevObjectVersion:   Dev-Mobile (B02B49B5-BB20-44E9-A304-32B752E40360): 2
LogDevObjectVersion:   Dev-Networking (A4E4105C-59A1-49B5-A7C5-40C4547EDFEE): 0
LogDevObjectVersion:   Dev-Online (39C831C9-5AE6-47DC-9A44-9C173E1C8E7C): 0
LogDevObjectVersion:   Dev-Physics (78F01B33-EBEA-4F98-B9B4-84EACCB95AA2): 2
LogDevObjectVersion:   Dev-Platform (6631380F-2D4D-43E0-8009-CF276956A95A): 0
LogDevObjectVersion:   Dev-Rendering (12F88B9F-8875-4AFC-A67C-D90C383ABD29): 36
LogDevObjectVersion:   Dev-Sequencer (7B5AE74C-D270-4C10-A958-57980B212A5A): 11
LogDevObjectVersion:   Dev-VR (D7296918-1DD6-4BDD-9DE2-64A83CC13884): 2
LogDevObjectVersion:   Dev-LoadTimes (C2A15278-BFE7-4AFE-6C17-90FF531DF755): 1
LogDevObjectVersion:   Private-Geometry (6EACA3D4-40EC-4CC1-B786-8BED09428FC5): 3
LogDevObjectVersion:   Dev-AnimPhys (29E575DD-E0A3-4627-9D10-D276232CDCEA): 17
LogDevObjectVersion:   Dev-Anim (AF43A65D-7FD3-4947-9873-3E8ED9C1BB05): 2
LogDevObjectVersion:   Dev-ReflectionCapture (6B266CEC-1EC7-4B8F-A30B-E4D90942FC07): 1
LogDevObjectVersion:   Dev-Automation (0DF73D61-A23F-47EA-B727-89E90C41499A): 1
LogDevObjectVersion:   FortniteMain (601D1886-AC64-4F84-AA16-D3DE0DEAC7D6): 31
LogDevObjectVersion:   Dev-Enterprise (9DFFBCD6-494F-0158-E221-12823C92A888): 8
LogDevObjectVersion:   Dev-Niagara (F2AED0AC-9AFE-416F-8664-AA7FFA26D6FC): 1
LogDevObjectVersion:   Dev-Destruction (174F1F0B-B4C6-45A5-B13F-2EE8D0FB917D): 9
LogDevObjectVersion:   Dev-Physics-Ext (35F94A83-E258-406C-A318-09F59610247C): 8
LogDevObjectVersion:   Dev-CineCamera (B2E18506-4273-CFC2-A54E-F4BB758BBA07): 1
LogInit: Presizing for max 25165824 objects, including 0 objects not considered by GC, pre-allocating 0 bytes for permanent pool.
LogInit: Object subsystem initialized
LogConfig: Setting CVar [[con.DebugEarlyDefault:1]]
LogConfig: Setting CVar [[r.setres:1280x720]]
[2020.07.06-00.55.30:340][  0]LogConfig: Setting CVar [[r.VSync:0]]
[2020.07.06-00.55.30:340][  0]LogConfig: Setting CVar [[r.RHICmdBypass:0]]
[2020.07.06-00.55.30:340][  0]LogConfig: Applying CVar settings from Section [/Script/Engine.RendererSettings] File [F:/Unreal Projects/CodZombiesBruh/ZombiesBruh/Saved/Config/Windows/Engine.ini]
[2020.07.06-00.55.30:340][  0]LogConfig: Setting CVar [[r.GPUCrashDebugging:0]]
[2020.07.06-00.55.30:340][  0]LogConfig: Applying CVar settings from Section [/Script/Engine.RendererOverrideSettings] File [F:/Unreal Projects/CodZombiesBruh/ZombiesBruh/Saved/Config/Windows/Engine.ini]
[2020.07.06-00.55.30:340][  0]LogConfig: Applying CVar settings from Section [/Script/Engine.StreamingSettings] File [F:/Unreal Projects/CodZombiesBruh/ZombiesBruh/Saved/Config/Windows/Engine.ini]
[2020.07.06-00.55.30:340][  0]LogConfig: Setting CVar [[s.MinBulkDataSizeForAsyncLoading:131072]]
[2020.07.06-00.55.30:340][  0]LogConfig: Setting CVar [[s.AsyncLoadingThreadEnabled:0]]
[2020.07.06-00.55.30:340][  0]LogConfig: Setting CVar [[s.EventDrivenLoaderEnabled:1]]
[2020.07.06-00.55.30:340][  0]LogConfig: Setting CVar [[s.WarnIfTimeLimitExceeded:0]]
[2020.07.06-00.55.30:340][  0]LogConfig: Setting CVar [[s.TimeLimitExceededMultiplier:1.5]]
[2020.07.06-00.55.30:340][  0]LogConfig: Setting CVar [[s.TimeLimitExceededMinTime:0.005]]
[2020.07.06-00.55.30:340][  0]LogConfig: Setting CVar [[s.UseBackgroundLevelStreaming:1]]
[2020.07.06-00.55.30:340][  0]LogConfig: Setting CVar [[s.PriorityAsyncLoadingExtraTime:15.0]]
[2020.07.06-00.55.30:340][  0]LogConfig: Setting CVar [[s.LevelStreamingActorsUpdateTimeLimit:5.0]]
[2020.07.06-00.55.30:340][  0]LogConfig: Setting CVar [[s.PriorityLevelStreamingActorsUpdateExtraTime:5.0]]
[2020.07.06-00.55.30:340][  0]LogConfig: Setting CVar [[s.LevelStreamingComponentsRegistrationGranularity:10]]
[2020.07.06-00.55.30:340][  0]LogConfig: Setting CVar [[s.UnregisterComponentsTimeLimit:1.0]]
[2020.07.06-00.55.30:340][  0]LogConfig: Setting CVar [[s.LevelStreamingComponentsUnregistrationGranularity:5]]
[2020.07.06-00.55.30:340][  0]LogConfig: Setting CVar [[s.FlushStreamingOnExit:1]]
[2020.07.06-00.55.30:340][  0]LogConfig: Applying CVar settings from Section [/Script/Engine.GarbageCollectionSettings] File [F:/Unreal Projects/CodZombiesBruh/ZombiesBruh/Saved/Config/Windows/Engine.ini]
[2020.07.06-00.55.30:340][  0]LogConfig: Setting CVar [[gc.MaxObjectsNotConsideredByGC:1]]
[2020.07.06-00.55.30:340][  0]LogConfig: Setting CVar [[gc.SizeOfPermanentObjectPool:0]]
[2020.07.06-00.55.30:341][  0]LogConfig: Setting CVar [[gc.FlushStreamingOnGC:0]]
[2020.07.06-00.55.30:341][  0]LogConfig: Setting CVar [[gc.NumRetriesBeforeForcingGC:10]]
[2020.07.06-00.55.30:341][  0]LogConfig: Setting CVar [[gc.AllowParallelGC:1]]
[2020.07.06-00.55.30:341][  0]LogConfig: Setting CVar [[gc.TimeBetweenPurgingPendingKillObjects:61.1]]
[2020.07.06-00.55.30:341][  0]LogConfig: Setting CVar [[gc.MaxObjectsInEditor:25165824]]
[2020.07.06-00.55.30:341][  0]LogConfig: Setting CVar [[gc.IncrementalBeginDestroyEnabled:1]]
[2020.07.06-00.55.30:341][  0]LogConfig: Setting CVar [[gc.CreateGCClusters:1]]
[2020.07.06-00.55.30:341][  0]LogConfig: Setting CVar [[gc.MinGCClusterSize:5]]
[2020.07.06-00.55.30:341][  0]LogConfig: Setting CVar [[gc.ActorClusteringEnabled:0]]
[2020.07.06-00.55.30:341][  0]LogConfig: Setting CVar [[gc.BlueprintClusteringEnabled:0]]
[2020.07.06-00.55.30:341][  0]LogConfig: Setting CVar [[gc.UseDisregardForGCOnDedicatedServers:0]]
[2020.07.06-00.55.30:341][  0]LogConfig: Applying CVar settings from Section [/Script/Engine.NetworkSettings] File [F:/Unreal Projects/CodZombiesBruh/ZombiesBruh/Saved/Config/Windows/Engine.ini]
[2020.07.06-00.55.30:341][  0]LogConfig: Applying CVar settings from Section [/Script/UnrealEd.CookerSettings] File [F:/Unreal Projects/CodZombiesBruh/ZombiesBruh/Saved/Config/Windows/Engine.ini]
[2020.07.06-00.55.30:345][  0]LogConfig: Applying CVar settings from Section [ViewDistanceQuality@3] File [F:/Unreal Projects/CodZombiesBruh/ZombiesBruh/Saved/Config/Windows/Scalability.ini]
[2020.07.06-00.55.30:345][  0]LogConfig: Setting CVar [[r.SkeletalMeshLODBias:0]]
[2020.07.06-00.55.30:345][  0]LogConfig: Setting CVar [[r.ViewDistanceScale:1.0]]
[2020.07.06-00.55.30:346][  0]LogConfig: Applying CVar settings from Section [AntiAliasingQuality@3] File [F:/Unreal Projects/CodZombiesBruh/ZombiesBruh/Saved/Config/Windows/Scalability.ini]
[2020.07.06-00.55.30:346][  0]LogConfig: Setting CVar [[r.PostProcessAAQuality:4]]
[2020.07.06-00.55.30:346][  0]LogConfig: Applying CVar settings from Section [ShadowQuality@3] File [F:/Unreal Projects/CodZombiesBruh/ZombiesBruh/Saved/Config/Windows/Scalability.ini]
[2020.07.06-00.55.30:346][  0]LogConfig: Setting CVar [[r.LightFunctionQuality:1]]
[2020.07.06-00.55.30:346][  0]LogConfig: Setting CVar [[r.ShadowQuality:5]]
[2020.07.06-00.55.30:346][  0]LogConfig: Setting CVar [[r.Shadow.CSM.MaxCascades:10]]
[2020.07.06-00.55.30:346][  0]LogConfig: Setting CVar [[r.Shadow.MaxResolution:2048]]
[2020.07.06-00.55.30:346][  0]LogConfig: Setting CVar [[r.Shadow.MaxCSMResolution:2048]]
[2020.07.06-00.55.30:346][  0]LogConfig: Setting CVar [[r.Shadow.RadiusThreshold:0.01]]
[2020.07.06-00.55.30:346][  0]LogConfig: Setting CVar [[r.Shadow.DistanceScale:1.0]]
[2020.07.06-00.55.30:346][  0]LogConfig: Setting CVar [[r.Shadow.CSM.TransitionScale:1.0]]
[2020.07.06-00.55.30:346][  0]LogConfig: Setting CVar [[r.Shadow.PreShadowResolutionFactor:1.0]]
[2020.07.06-00.55.30:346][  0]LogConfig: Setting CVar [[r.DistanceFieldShadowing:1]]
[2020.07.06-00.55.30:346][  0]LogConfig: Setting CVar [[r.DistanceFieldAO:1]]
[2020.07.06-00.55.30:346][  0]LogConfig: Setting CVar [[r.AOQuality:2]]
[2020.07.06-00.55.30:346][  0]LogConfig: Setting CVar [[r.VolumetricFog:1]]
[2020.07.06-00.55.30:346][  0]LogConfig: Setting CVar [[r.VolumetricFog.GridPixelSize:8]]
[2020.07.06-00.55.30:346][  0]LogConfig: Setting CVar [[r.VolumetricFog.GridSizeZ:128]]
[2020.07.06-00.55.30:346][  0]LogConfig: Setting CVar [[r.VolumetricFog.HistoryMissSupersampleCount:4]]
[2020.07.06-00.55.30:346][  0]LogConfig: Setting CVar [[r.LightMaxDrawDistanceScale:1]]
[2020.07.06-00.55.30:346][  0]LogConfig: Setting CVar [[r.CapsuleShadows:1]]
[2020.07.06-00.55.30:346][  0]LogConfig: Applying CVar settings from Section [PostProcessQuality@3] File [F:/Unreal Projects/CodZombiesBruh/ZombiesBruh/Saved/Config/Windows/Scalability.ini]
[2020.07.06-00.55.30:346][  0]LogConfig: Setting CVar [[r.MotionBlurQuality:4]]
[2020.07.06-00.55.30:346][  0]LogConfig: Setting CVar [[r.AmbientOcclusionMipLevelFactor:0.4]]
[2020.07.06-00.55.30:346][  0]LogConfig: Setting CVar [[r.AmbientOcclusionMaxQuality:100]]
[2020.07.06-00.55.30:346][  0]LogConfig: Setting CVar [[r.AmbientOcclusionLevels:-1]]
[2020.07.06-00.55.30:346][  0]LogConfig: Setting CVar [[r.AmbientOcclusionRadiusScale:1.0]]
[2020.07.06-00.55.30:346][  0]LogConfig: Setting CVar [[r.DepthOfFieldQuality:2]]
[2020.07.06-00.55.30:346][  0]LogConfig: Setting CVar [[r.RenderTargetPoolMin:400]]
[2020.07.06-00.55.30:346][  0]LogConfig: Setting CVar [[r.LensFlareQuality:2]]
[2020.07.06-00.55.30:347][  0]LogConfig: Setting CVar [[r.SceneColorFringeQuality:1]]
[2020.07.06-00.55.30:347][  0]LogConfig: Setting CVar [[r.EyeAdaptationQuality:2]]
[2020.07.06-00.55.30:347][  0]LogConfig: Setting CVar [[r.BloomQuality:5]]
[2020.07.06-00.55.30:347][  0]LogConfig: Setting CVar [[r.FastBlurThreshold:100]]
[2020.07.06-00.55.30:347][  0]LogConfig: Setting CVar [[r.Upscale.Quality:3]]
[2020.07.06-00.55.30:347][  0]LogConfig: Setting CVar [[r.Tonemapper.GrainQuantization:1]]
[2020.07.06-00.55.30:347][  0]LogConfig: Setting CVar [[r.LightShaftQuality:1]]
[2020.07.06-00.55.30:347][  0]LogConfig: Setting CVar [[r.Filter.SizeScale:1]]
[2020.07.06-00.55.30:347][  0]LogConfig: Setting CVar [[r.Tonemapper.Quality:5]]
[2020.07.06-00.55.30:347][  0]LogConfig: Setting CVar [[r.DOF.Gather.AccumulatorQuality:1        ; higher gathering accumulator quality]]
[2020.07.06-00.55.30:347][  0]LogConfig: Setting CVar [[r.DOF.Gather.PostfilterMethod:1          ; Median3x3 postfilering method]]
[2020.07.06-00.55.30:347][  0]LogConfig: Setting CVar [[r.DOF.Gather.EnableBokehSettings:0       ; no bokeh simulation when gathering]]
[2020.07.06-00.55.30:347][  0]LogConfig: Setting CVar [[r.DOF.Gather.RingCount:4                 ; medium number of samples when gathering]]
[2020.07.06-00.55.30:347][  0]LogConfig: Setting CVar [[r.DOF.Scatter.ForegroundCompositing:1    ; additive foreground scattering]]
[2020.07.06-00.55.30:347][  0]LogConfig: Setting CVar [[r.DOF.Scatter.BackgroundCompositing:2    ; additive background scattering]]
[2020.07.06-00.55.30:347][  0]LogConfig: Setting CVar [[r.DOF.Scatter.EnableBokehSettings:1      ; bokeh simulation when scattering]]
[2020.07.06-00.55.30:347][  0]LogConfig: Setting CVar [[r.DOF.Scatter.MaxSpriteRatio:0.1         ; only a maximum of 10% of scattered bokeh]]
[2020.07.06-00.55.30:347][  0]LogConfig: Setting CVar [[r.DOF.Recombine.Quality:1                ; cheap slight out of focus]]
[2020.07.06-00.55.30:347][  0]LogConfig: Setting CVar [[r.DOF.Recombine.EnableBokehSettings:0    ; no bokeh simulation on slight out of focus]]
[2020.07.06-00.55.30:347][  0]LogConfig: Setting CVar [[r.DOF.TemporalAAQuality:1                ; more stable temporal accumulation]]
[2020.07.06-00.55.30:347][  0]LogConfig: Setting CVar [[r.DOF.Kernel.MaxForegroundRadius:0.025]]
[2020.07.06-00.55.30:347][  0]LogConfig: Setting CVar [[r.DOF.Kernel.MaxBackgroundRadius:0.025]]
[2020.07.06-00.55.30:347][  0]LogConfig: Applying CVar settings from Section [TextureQuality@3] File [F:/Unreal Projects/CodZombiesBruh/ZombiesBruh/Saved/Config/Windows/Scalability.ini]
[2020.07.06-00.55.30:347][  0]LogConfig: Setting CVar [[r.Streaming.MipBias:0]]
[2020.07.06-00.55.30:347][  0]LogConfig: Setting CVar [[r.Streaming.AmortizeCPUToGPUCopy:0]]
[2020.07.06-00.55.30:347][  0]LogConfig: Setting CVar [[r.Streaming.MaxNumTexturesToStreamPerFrame:0]]
[2020.07.06-00.55.30:347][  0]LogConfig: Setting CVar [[r.Streaming.Boost:1]]
[2020.07.06-00.55.30:347][  0]LogConfig: Setting CVar [[r.MaxAnisotropy:8]]
[2020.07.06-00.55.30:347][  0]LogConfig: Setting CVar [[r.VT.MaxAnisotropy:8]]
[2020.07.06-00.55.30:347][  0]LogConfig: Setting CVar [[r.Streaming.LimitPoolSizeToVRAM:0]]
[2020.07.06-00.55.30:347][  0]LogConfig: Setting CVar [[r.Streaming.PoolSize:1000]]
[2020.07.06-00.55.30:347][  0]LogConfig: Setting CVar [[r.Streaming.MaxEffectiveScreenSize:0]]
[2020.07.06-00.55.30:348][  0]LogConfig: Applying CVar settings from Section [EffectsQuality@3] File [F:/Unreal Projects/CodZombiesBruh/ZombiesBruh/Saved/Config/Windows/Scalability.ini]
[2020.07.06-00.55.30:348][  0]LogConfig: Setting CVar [[r.TranslucencyLightingVolumeDim:64]]
[2020.07.06-00.55.30:348][  0]LogConfig: Setting CVar [[r.RefractionQuality:2]]
[2020.07.06-00.55.30:348][  0]LogConfig: Setting CVar [[r.SSR.Quality:3]]
[2020.07.06-00.55.30:348][  0]LogConfig: Setting CVar [[r.SSR.HalfResSceneColor:0]]
[2020.07.06-00.55.30:348][  0]LogConfig: Setting CVar [[r.SceneColorFormat:4]]
[2020.07.06-00.55.30:348][  0]LogConfig: Setting CVar [[r.DetailMode:2]]
[2020.07.06-00.55.30:348][  0]LogConfig: Setting CVar [[r.TranslucencyVolumeBlur:1]]
[2020.07.06-00.55.30:348][  0]LogConfig: Setting CVar [[r.MaterialQualityLevel:1 ; High quality]]
[2020.07.06-00.55.30:348][  0]LogConfig: Setting CVar [[r.SSS.Scale:1]]
[2020.07.06-00.55.30:348][  0]LogConfig: Setting CVar [[r.SSS.SampleSet:2]]
[2020.07.06-00.55.30:348][  0]LogConfig: Setting CVar [[r.SSS.Quality:1]]
[2020.07.06-00.55.30:348][  0]LogConfig: Setting CVar [[r.SSS.HalfRes:1]]
[2020.07.06-00.55.30:348][  0]LogConfig: Setting CVar [[r.SSGI.Quality:3]]
[2020.07.06-00.55.30:348][  0]LogConfig: Setting CVar [[r.EmitterSpawnRateScale:1.0]]
[2020.07.06-00.55.30:348][  0]LogConfig: Setting CVar [[r.ParticleLightQuality:2]]
[2020.07.06-00.55.30:348][  0]LogConfig: Setting CVar [[r.SkyAtmosphere.AerialPerspectiveLUT.FastApplyOnOpaque:1 ; Always have FastSkyLUT 1 in this case to avoid wrong sky]]
[2020.07.06-00.55.30:348][  0]LogConfig: Setting CVar [[r.SkyAtmosphere.AerialPerspectiveLUT.SampleCountPerSlice:1]]
[2020.07.06-00.55.30:348][  0]LogConfig: Setting CVar [[r.SkyAtmosphere.AerialPerspectiveLUT.DepthResolution:16.0]]
[2020.07.06-00.55.30:348][  0]LogConfig: Setting CVar [[r.SkyAtmosphere.FastSkyLUT:1]]
[2020.07.06-00.55.30:348][  0]LogConfig: Setting CVar [[r.SkyAtmosphere.FastSkyLUT.SampleCountMin:4.0]]
[2020.07.06-00.55.30:348][  0]LogConfig: Setting CVar [[r.SkyAtmosphere.FastSkyLUT.SampleCountMax:32.0]]
[2020.07.06-00.55.30:348][  0]LogConfig: Setting CVar [[r.SkyAtmosphere.SampleCountMin:4.0]]
[2020.07.06-00.55.30:348][  0]LogConfig: Setting CVar [[r.SkyAtmosphere.SampleCountMax:32.0]]
[2020.07.06-00.55.30:348][  0]LogConfig: Setting CVar [[r.SkyAtmosphere.TransmittanceLUT.UseSmallFormat:0]]
[2020.07.06-00.55.30:348][  0]LogConfig: Setting CVar [[r.SkyAtmosphere.TransmittanceLUT.SampleCount:10.0]]
[2020.07.06-00.55.30:348][  0]LogConfig: Setting CVar [[r.SkyAtmosphere.MultiScatteringLUT.SampleCount:15.0]]
[2020.07.06-00.55.30:348][  0]LogConfig: Applying CVar settings from Section [FoliageQuality@3] File [F:/Unreal Projects/CodZombiesBruh/ZombiesBruh/Saved/Config/Windows/Scalability.ini]
[2020.07.06-00.55.30:348][  0]LogConfig: Setting CVar [[foliage.DensityScale:1.0]]
[2020.07.06-00.55.30:348][  0]LogConfig: Setting CVar [[grass.DensityScale:1.0]]
[2020.07.06-00.55.30:348][  0]LogConfig: Applying CVar settings from Section [ShadingQuality@3] File [F:/Unreal Projects/CodZombiesBruh/ZombiesBruh/Saved/Config/Windows/Scalability.ini]
[2020.07.06-00.55.30:348][  0]LogConfig: Setting CVar [[r.HairStrands.SkyLighting.SampleCount:16]]
[2020.07.06-00.55.30:348][  0]LogConfig: Setting CVar [[r.HairStrands.SkyLighting.JitterIntegration:0]]
[2020.07.06-00.55.30:348][  0]LogConfig: Setting CVar [[r.HairStrands.SkyAO.SampleCount:16]]
[2020.07.06-00.55.30:349][  0]LogInit: Selected Device Profile: [Windows]
[2020.07.06-00.55.30:349][  0]LogInit: Applying CVar settings loaded from the selected device profile: [Windows]
[2020.07.06-00.55.30:363][  0]LogHAL: Display: Platform has ~ 8 GB [8505475072 / 8589934592 / 8], which maps to Default [LargestMinGB=32, LargerMinGB=12, DefaultMinGB=8, SmallerMinGB=6, SmallestMinGB=0)
[2020.07.06-00.55.30:363][  0]LogInit: Going up to parent DeviceProfile []
[2020.07.06-00.55.30:363][  0]LogConfig: Applying CVar settings from Section [ViewDistanceQuality@3] File [F:/Unreal Projects/CodZombiesBruh/ZombiesBruh/Saved/Config/Windows/Scalability.ini]
[2020.07.06-00.55.30:363][  0]LogConfig: Setting CVar [[r.SkeletalMeshLODBias:0]]
[2020.07.06-00.55.30:363][  0]LogConfig: Setting CVar [[r.ViewDistanceScale:1.0]]
[2020.07.06-00.55.30:363][  0]LogConfig: Applying CVar settings from Section [AntiAliasingQuality@3] File [F:/Unreal Projects/CodZombiesBruh/ZombiesBruh/Saved/Config/Windows/Scalability.ini]
[2020.07.06-00.55.30:363][  0]LogConfig: Setting CVar [[r.PostProcessAAQuality:4]]
[2020.07.06-00.55.30:363][  0]LogConfig: Applying CVar settings from Section [ShadowQuality@3] File [F:/Unreal Projects/CodZombiesBruh/ZombiesBruh/Saved/Config/Windows/Scalability.ini]
[2020.07.06-00.55.30:363][  0]LogConfig: Setting CVar [[r.LightFunctionQuality:1]]
[2020.07.06-00.55.30:363][  0]LogConfig: Setting CVar [[r.ShadowQuality:5]]
[2020.07.06-00.55.30:363][  0]LogConfig: Setting CVar [[r.Shadow.CSM.MaxCascades:10]]
[2020.07.06-00.55.30:363][  0]LogConfig: Setting CVar [[r.Shadow.MaxResolution:2048]]
[2020.07.06-00.55.30:363][  0]LogConfig: Setting CVar [[r.Shadow.MaxCSMResolution:2048]]
[2020.07.06-00.55.30:363][  0]LogConfig: Setting CVar [[r.Shadow.RadiusThreshold:0.01]]
[2020.07.06-00.55.30:363][  0]LogConfig: Setting CVar [[r.Shadow.DistanceScale:1.0]]
[2020.07.06-00.55.30:363][  0]LogConfig: Setting CVar [[r.Shadow.CSM.TransitionScale:1.0]]
[2020.07.06-00.55.30:363][  0]LogConfig: Setting CVar [[r.Shadow.PreShadowResolutionFactor:1.0]]
[2020.07.06-00.55.30:363][  0]LogConfig: Setting CVar [[r.DistanceFieldShadowing:1]]
[2020.07.06-00.55.30:363][  0]LogConfig: Setting CVar [[r.DistanceFieldAO:1]]
[2020.07.06-00.55.30:363][  0]LogConfig: Setting CVar [[r.AOQuality:2]]
[2020.07.06-00.55.30:363][  0]LogConfig: Setting CVar [[r.VolumetricFog:1]]
[2020.07.06-00.55.30:363][  0]LogConfig: Setting CVar [[r.VolumetricFog.GridPixelSize:8]]
[2020.07.06-00.55.30:363][  0]LogConfig: Setting CVar [[r.VolumetricFog.GridSizeZ:128]]
[2020.07.06-00.55.30:363][  0]LogConfig: Setting CVar [[r.VolumetricFog.HistoryMissSupersampleCount:4]]
[2020.07.06-00.55.30:363][  0]LogConfig: Setting CVar [[r.LightMaxDrawDistanceScale:1]]
[2020.07.06-00.55.30:363][  0]LogConfig: Setting CVar [[r.CapsuleShadows:1]]
[2020.07.06-00.55.30:363][  0]LogConfig: Applying CVar settings from Section [PostProcessQuality@3] File [F:/Unreal Projects/CodZombiesBruh/ZombiesBruh/Saved/Config/Windows/Scalability.ini]
[2020.07.06-00.55.30:363][  0]LogConfig: Setting CVar [[r.MotionBlurQuality:4]]
[2020.07.06-00.55.30:363][  0]LogConfig: Setting CVar [[r.AmbientOcclusionMipLevelFactor:0.4]]
[2020.07.06-00.55.30:363][  0]LogConfig: Setting CVar [[r.AmbientOcclusionMaxQuality:100]]
[2020.07.06-00.55.30:364][  0]LogConfig: Setting CVar [[r.AmbientOcclusionLevels:-1]]
[2020.07.06-00.55.30:364][  0]LogConfig: Setting CVar [[r.AmbientOcclusionRadiusScale:1.0]]
[2020.07.06-00.55.30:364][  0]LogConfig: Setting CVar [[r.DepthOfFieldQuality:2]]
[2020.07.06-00.55.30:364][  0]LogConfig: Setting CVar [[r.RenderTargetPoolMin:400]]
[2020.07.06-00.55.30:364][  0]LogConfig: Setting CVar [[r.LensFlareQuality:2]]
[2020.07.06-00.55.30:364][  0]LogConfig: Setting CVar [[r.SceneColorFringeQuality:1]]
[2020.07.06-00.55.30:364][  0]LogConfig: Setting CVar [[r.EyeAdaptationQuality:2]]
[2020.07.06-00.55.30:364][  0]LogConfig: Setting CVar [[r.BloomQuality:5]]
[2020.07.06-00.55.30:364][  0]LogConfig: Setting CVar [[r.FastBlurThreshold:100]]
[2020.07.06-00.55.30:364][  0]LogConfig: Setting CVar [[r.Upscale.Quality:3]]
[2020.07.06-00.55.30:364][  0]LogConfig: Setting CVar [[r.Tonemapper.GrainQuantization:1]]
[2020.07.06-00.55.30:364][  0]LogConfig: Setting CVar [[r.LightShaftQuality:1]]
[2020.07.06-00.55.30:364][  0]LogConfig: Setting CVar [[r.Filter.SizeScale:1]]
[2020.07.06-00.55.30:364][  0]LogConfig: Setting CVar [[r.Tonemapper.Quality:5]]
[2020.07.06-00.55.30:364][  0]LogConfig: Setting CVar [[r.DOF.Gather.AccumulatorQuality:1        ; higher gathering accumulator quality]]
[2020.07.06-00.55.30:364][  0]LogConfig: Setting CVar [[r.DOF.Gather.PostfilterMethod:1          ; Median3x3 postfilering method]]
[2020.07.06-00.55.30:364][  0]LogConfig: Setting CVar [[r.DOF.Gather.EnableBokehSettings:0       ; no bokeh simulation when gathering]]
[2020.07.06-00.55.30:364][  0]LogConfig: Setting CVar [[r.DOF.Gather.RingCount:4                 ; medium number of samples when gathering]]
[2020.07.06-00.55.30:364][  0]LogConfig: Setting CVar [[r.DOF.Scatter.ForegroundCompositing:1    ; additive foreground scattering]]
[2020.07.06-00.55.30:364][  0]LogConfig: Setting CVar [[r.DOF.Scatter.BackgroundCompositing:2    ; additive background scattering]]
[2020.07.06-00.55.30:364][  0]LogConfig: Setting CVar [[r.DOF.Scatter.EnableBokehSettings:1      ; bokeh simulation when scattering]]
[2020.07.06-00.55.30:364][  0]LogConfig: Setting CVar [[r.DOF.Scatter.MaxSpriteRatio:0.1         ; only a maximum of 10% of scattered bokeh]]
[2020.07.06-00.55.30:364][  0]LogConfig: Setting CVar [[r.DOF.Recombine.Quality:1                ; cheap slight out of focus]]
[2020.07.06-00.55.30:364][  0]LogConfig: Setting CVar [[r.DOF.Recombine.EnableBokehSettings:0    ; no bokeh simulation on slight out of focus]]
[2020.07.06-00.55.30:364][  0]LogConfig: Setting CVar [[r.DOF.TemporalAAQuality:1                ; more stable temporal accumulation]]
[2020.07.06-00.55.30:364][  0]LogConfig: Setting CVar [[r.DOF.Kernel.MaxForegroundRadius:0.025]]
[2020.07.06-00.55.30:364][  0]LogConfig: Setting CVar [[r.DOF.Kernel.MaxBackgroundRadius:0.025]]
[2020.07.06-00.55.30:364][  0]LogConfig: Applying CVar settings from Section [TextureQuality@3] File [F:/Unreal Projects/CodZombiesBruh/ZombiesBruh/Saved/Config/Windows/Scalability.ini]
[2020.07.06-00.55.30:364][  0]LogConfig: Setting CVar [[r.Streaming.MipBias:0]]
[2020.07.06-00.55.30:364][  0]LogConfig: Setting CVar [[r.Streaming.AmortizeCPUToGPUCopy:0]]
[2020.07.06-00.55.30:365][  0]LogConfig: Setting CVar [[r.Streaming.MaxNumTexturesToStreamPerFrame:0]]
[2020.07.06-00.55.30:365][  0]LogConfig: Setting CVar [[r.Streaming.Boost:1]]
[2020.07.06-00.55.30:365][  0]LogConfig: Setting CVar [[r.MaxAnisotropy:8]]
[2020.07.06-00.55.30:365][  0]LogConfig: Setting CVar [[r.VT.MaxAnisotropy:8]]
[2020.07.06-00.55.30:365][  0]LogConfig: Setting CVar [[r.Streaming.LimitPoolSizeToVRAM:0]]
[2020.07.06-00.55.30:365][  0]LogConfig: Setting CVar [[r.Streaming.PoolSize:1000]]
[2020.07.06-00.55.30:365][  0]LogConfig: Setting CVar [[r.Streaming.MaxEffectiveScreenSize:0]]
[2020.07.06-00.55.30:365][  0]LogConfig: Applying CVar settings from Section [EffectsQuality@3] File [F:/Unreal Projects/CodZombiesBruh/ZombiesBruh/Saved/Config/Windows/Scalability.ini]
[2020.07.06-00.55.30:365][  0]LogConfig: Setting CVar [[r.TranslucencyLightingVolumeDim:64]]
[2020.07.06-00.55.30:365][  0]LogConfig: Setting CVar [[r.RefractionQuality:2]]
[2020.07.06-00.55.30:365][  0]LogConfig: Setting CVar [[r.SSR.Quality:3]]
[2020.07.06-00.55.30:365][  0]LogConfig: Setting CVar [[r.SSR.HalfResSceneColor:0]]
[2020.07.06-00.55.30:365][  0]LogConfig: Setting CVar [[r.SceneColorFormat:4]]
[2020.07.06-00.55.30:365][  0]LogConfig: Setting CVar [[r.DetailMode:2]]
[2020.07.06-00.55.30:365][  0]LogConfig: Setting CVar [[r.TranslucencyVolumeBlur:1]]
[2020.07.06-00.55.30:365][  0]LogConfig: Setting CVar [[r.MaterialQualityLevel:1 ; High quality]]
[2020.07.06-00.55.30:365][  0]LogConfig: Setting CVar [[r.SSS.Scale:1]]
[2020.07.06-00.55.30:365][  0]LogConfig: Setting CVar [[r.SSS.SampleSet:2]]
[2020.07.06-00.55.30:365][  0]LogConfig: Setting CVar [[r.SSS.Quality:1]]
[2020.07.06-00.55.30:365][  0]LogConfig: Setting CVar [[r.SSS.HalfRes:1]]
[2020.07.06-00.55.30:365][  0]LogConfig: Setting CVar [[r.SSGI.Quality:3]]
[2020.07.06-00.55.30:365][  0]LogConfig: Setting CVar [[r.EmitterSpawnRateScale:1.0]]
[2020.07.06-00.55.30:365][  0]LogConfig: Setting CVar [[r.ParticleLightQuality:2]]
[2020.07.06-00.55.30:365][  0]LogConfig: Setting CVar [[r.SkyAtmosphere.AerialPerspectiveLUT.FastApplyOnOpaque:1 ; Always have FastSkyLUT 1 in this case to avoid wrong sky]]
[2020.07.06-00.55.30:365][  0]LogConfig: Setting CVar [[r.SkyAtmosphere.AerialPerspectiveLUT.SampleCountPerSlice:1]]
[2020.07.06-00.55.30:365][  0]LogConfig: Setting CVar [[r.SkyAtmosphere.AerialPerspectiveLUT.DepthResolution:16.0]]
[2020.07.06-00.55.30:365][  0]LogConfig: Setting CVar [[r.SkyAtmosphere.FastSkyLUT:1]]
[2020.07.06-00.55.30:365][  0]LogConfig: Setting CVar [[r.SkyAtmosphere.FastSkyLUT.SampleCountMin:4.0]]
[2020.07.06-00.55.30:365][  0]LogConfig: Setting CVar [[r.SkyAtmosphere.FastSkyLUT.SampleCountMax:32.0]]
[2020.07.06-00.55.30:365][  0]LogConfig: Setting CVar [[r.SkyAtmosphere.SampleCountMin:4.0]]
[2020.07.06-00.55.30:365][  0]LogConfig: Setting CVar [[r.SkyAtmosphere.SampleCountMax:32.0]]
[2020.07.06-00.55.30:365][  0]LogConfig: Setting CVar [[r.SkyAtmosphere.TransmittanceLUT.UseSmallFormat:0]]
[2020.07.06-00.55.30:365][  0]LogConfig: Setting CVar [[r.SkyAtmosphere.TransmittanceLUT.SampleCount:10.0]]
[2020.07.06-00.55.30:366][  0]LogConfig: Setting CVar [[r.SkyAtmosphere.MultiScatteringLUT.SampleCount:15.0]]
[2020.07.06-00.55.30:366][  0]LogConfig: Applying CVar settings from Section [FoliageQuality@3] File [F:/Unreal Projects/CodZombiesBruh/ZombiesBruh/Saved/Config/Windows/Scalability.ini]
[2020.07.06-00.55.30:366][  0]LogConfig: Setting CVar [[foliage.DensityScale:1.0]]
[2020.07.06-00.55.30:366][  0]LogConfig: Setting CVar [[grass.DensityScale:1.0]]
[2020.07.06-00.55.30:366][  0]LogConfig: Applying CVar settings from Section [ShadingQuality@3] File [F:/Unreal Projects/CodZombiesBruh/ZombiesBruh/Saved/Config/Windows/Scalability.ini]
[2020.07.06-00.55.30:366][  0]LogConfig: Setting CVar [[r.HairStrands.SkyLighting.SampleCount:16]]
[2020.07.06-00.55.30:366][  0]LogConfig: Setting CVar [[r.HairStrands.SkyLighting.JitterIntegration:0]]
[2020.07.06-00.55.30:366][  0]LogConfig: Setting CVar [[r.HairStrands.SkyAO.SampleCount:16]]
[2020.07.06-00.55.30:366][  0]LogConfig: Applying CVar settings from Section [Startup] File [../../../Engine/Config/ConsoleVariables.ini]
[2020.07.06-00.55.30:372][  0]LogConfig: Setting CVar [[net.UseAdaptiveNetUpdateFrequency:0]]
[2020.07.06-00.55.30:372][  0]LogConfig: Setting CVar [[p.chaos.AllowCreatePhysxBodies:1]]
[2020.07.06-00.55.30:372][  0]LogConfig: Applying CVar settings from Section [ConsoleVariables] File [F:/Unreal Projects/CodZombiesBruh/ZombiesBruh/Saved/Config/Windows/Engine.ini]
[2020.07.06-00.55.30:372][  0]LogInit: Computer: DESKTOP-6U89RPG
[2020.07.06-00.55.30:372][  0]LogInit: User: bryce
[2020.07.06-00.55.30:373][  0]LogInit: CPU Page size=4096, Cores=4
[2020.07.06-00.55.30:373][  0]LogInit: High frequency timer resolution =10.000000 MHz
[2020.07.06-00.55.30:373][  0]LogMemory: Memory total: Physical=7.9GB (8GB approx)
[2020.07.06-00.55.30:373][  0]LogMemory: Platform Memory Stats for Windows
[2020.07.06-00.55.30:373][  0]LogMemory: Process Physical Memory: 104.86 MB used, 104.86 MB peak
[2020.07.06-00.55.30:373][  0]LogMemory: Process Virtual Memory: 100.21 MB used, 100.22 MB peak
[2020.07.06-00.55.30:373][  0]LogMemory: Physical Memory: 4725.80 MB used,  3385.66 MB free, 8111.45 MB total
[2020.07.06-00.55.30:373][  0]LogMemory: Virtual Memory: 5086.82 MB used,  134212640.00 MB free, 134217728.00 MB total
[2020.07.06-00.55.30:380][  0]LogWindows: WindowsPlatformFeatures enabled
[2020.07.06-00.55.31:027][  0]LogInit: Using OS detected language (en-US).
[2020.07.06-00.55.31:027][  0]LogInit: Using OS detected locale (en-AU).
[2020.07.06-00.55.31:079][  0]LogTextLocalizationManager: No specific localization for 'en-US' exists, so the 'en' localization will be used.
[2020.07.06-00.55.31:631][  0]LogInit: Setting process to per monitor DPI aware
[2020.07.06-00.55.32:141][  0]LogSlate: New Slate User Created.  User Index 0, Is Virtual User: 0
[2020.07.06-00.55.32:142][  0]LogSlate: Slate User Registered.  User Index 0, Is Virtual User: 0
[2020.07.06-00.55.33:078][  0]LogHMD: Failed to initialize OpenVR with code 110
[2020.07.06-00.55.33:078][  0]LogD3D11RHI: D3D11 min allowed feature level: 11_0
[2020.07.06-00.55.33:078][  0]LogD3D11RHI: D3D11 max allowed feature level: 11_0
[2020.07.06-00.55.33:078][  0]LogD3D11RHI: D3D11 adapters:
[2020.07.06-00.55.33:223][  0]LogD3D11RHI:    0. 'NVIDIA GeForce GTX 1060 6GB' (Feature Level 11_0)
[2020.07.06-00.55.33:223][  0]LogD3D11RHI:       6052/0/4055 MB DedicatedVideo/DedicatedSystem/SharedSystem, Outputs:1, VendorId:0x10de
[2020.07.06-00.55.33:227][  0]LogD3D11RHI:    1. 'Microsoft Basic Render Driver' (Feature Level 11_0)
[2020.07.06-00.55.33:227][  0]LogD3D11RHI:       0/0/4055 MB DedicatedVideo/DedicatedSystem/SharedSystem, Outputs:0, VendorId:0x1414
[2020.07.06-00.55.33:227][  0]LogD3D11RHI: Chosen D3D11 Adapter: 0
[2020.07.06-00.55.33:252][  0]LogD3D11RHI: Creating new Direct3DDevice
[2020.07.06-00.55.33:252][  0]LogD3D11RHI:     GPU DeviceId: 0x1c03 (for the marketing name, search the web for "GPU Device Id")
[2020.07.06-00.55.33:252][  0]LogWindows: EnumDisplayDevices:
[2020.07.06-00.55.33:252][  0]LogWindows:    0. 'NVIDIA GeForce GTX 1060 6GB' (P:1 D:1)
[2020.07.06-00.55.33:253][  0]LogWindows:    1. 'NVIDIA GeForce GTX 1060 6GB' (P:0 D:0)
[2020.07.06-00.55.33:254][  0]LogWindows:    2. 'NVIDIA GeForce GTX 1060 6GB' (P:0 D:0)
[2020.07.06-00.55.33:254][  0]LogWindows:    3. 'NVIDIA GeForce GTX 1060 6GB' (P:0 D:0)
[2020.07.06-00.55.33:255][  0]LogWindows: DebugString: FoundDriverCount:4 
[2020.07.06-00.55.33:255][  0]LogD3D11RHI:     Adapter Name: NVIDIA GeForce GTX 1060 6GB
[2020.07.06-00.55.33:255][  0]LogD3D11RHI:   Driver Version: 445.87 (internal:26.21.14.4587, unified:445.87)
[2020.07.06-00.55.33:255][  0]LogD3D11RHI:      Driver Date: 4-3-2020
[2020.07.06-00.55.33:255][  0]LogRHI: Texture pool is 4236 MB (70% of 6052 MB)
[2020.07.06-00.55.33:311][  0]LogD3D11RHI: RHI has support for 64 bit atomics
[2020.07.06-00.55.33:311][  0]LogD3D11RHI: Async texture creation enabled
[2020.07.06-00.55.33:335][  0]LogD3D11RHI: GPU Timing Frequency: 1000.000000 (Debug: 2 1)
[2020.07.06-00.55.34:199][  0]LogTargetPlatformManager: Display: Loaded TargetPlatform 'AllDesktop'
[2020.07.06-00.55.34:305][  0]LogTargetPlatformManager: Display: Loaded TargetPlatform 'Android'
[2020.07.06-00.55.34:305][  0]LogTargetPlatformManager: Display: Loaded TargetPlatform 'Android_ASTC'
[2020.07.06-00.55.34:305][  0]LogTargetPlatformManager: Display: Loaded TargetPlatform 'Android_ATC'
[2020.07.06-00.55.34:305][  0]LogTargetPlatformManager: Display: Loaded TargetPlatform 'Android_DXT'
[2020.07.06-00.55.34:305][  0]LogTargetPlatformManager: Display: Loaded TargetPlatform 'Android_ETC1'
[2020.07.06-00.55.34:305][  0]LogTargetPlatformManager: Display: Loaded TargetPlatform 'Android_ETC1a'
[2020.07.06-00.55.34:305][  0]LogTargetPlatformManager: Display: Loaded TargetPlatform 'Android_ETC2'
[2020.07.06-00.55.34:305][  0]LogTargetPlatformManager: Display: Loaded TargetPlatform 'Android_PVRTC'
[2020.07.06-00.55.34:305][  0]LogTargetPlatformManager: Display: Loaded TargetPlatform 'AndroidClient'
[2020.07.06-00.55.34:306][  0]LogTargetPlatformManager: Display: Loaded TargetPlatform 'Android_ASTCClient'
[2020.07.06-00.55.34:306][  0]LogTargetPlatformManager: Display: Loaded TargetPlatform 'Android_ATCClient'
[2020.07.06-00.55.34:306][  0]LogTargetPlatformManager: Display: Loaded TargetPlatform 'Android_DXTClient'
[2020.07.06-00.55.34:306][  0]LogTargetPlatformManager: Display: Loaded TargetPlatform 'Android_ETC1Client'
[2020.07.06-00.55.34:306][  0]LogTargetPlatformManager: Display: Loaded TargetPlatform 'Android_ETC1aClient'
[2020.07.06-00.55.34:306][  0]LogTargetPlatformManager: Display: Loaded TargetPlatform 'Android_ETC2Client'
[2020.07.06-00.55.34:306][  0]LogTargetPlatformManager: Display: Loaded TargetPlatform 'Android_PVRTCClient'
[2020.07.06-00.55.34:306][  0]LogTargetPlatformManager: Display: Loaded TargetPlatform 'Android_Multi'
[2020.07.06-00.55.34:306][  0]LogTargetPlatformManager: Display: Loaded TargetPlatform 'Android_MultiClient'
[2020.07.06-00.55.34:407][  0]LogTargetPlatformManager: Display: Loaded TargetPlatform 'IOSClient'
[2020.07.06-00.55.34:407][  0]LogTargetPlatformManager: Display: Loaded TargetPlatform 'IOS'
[2020.07.06-00.55.34:443][  0]LogTargetPlatformManager: Display: Loaded TargetPlatform 'LinuxNoEditor'
[2020.07.06-00.55.34:478][  0]LogTargetPlatformManager: Display: Loaded TargetPlatform 'LinuxClient'
[2020.07.06-00.55.34:533][  0]LogTargetPlatformManager: Display: Loaded TargetPlatform 'LinuxServer'
[2020.07.06-00.55.34:600][  0]LogTargetPlatformManager: Display: Loaded TargetPlatform 'LinuxAArch64NoEditor'
[2020.07.06-00.55.34:650][  0]LogTargetPlatformManager: Display: Loaded TargetPlatform 'LinuxAArch64Client'
[2020.07.06-00.55.34:685][  0]LogTargetPlatformManager: Display: Loaded TargetPlatform 'LinuxAArch64Server'
[2020.07.06-00.55.34:793][  0]LogTargetPlatformManager: Display: Loaded TargetPlatform 'Lumin'
[2020.07.06-00.55.34:793][  0]LogTargetPlatformManager: Display: Loaded TargetPlatform 'LuminClient'
[2020.07.06-00.55.34:856][  0]LogTargetPlatformManager: Display: Loaded TargetPlatform 'TVOSClient'
[2020.07.06-00.55.34:856][  0]LogTargetPlatformManager: Display: Loaded TargetPlatform 'TVOS'
[2020.07.06-00.55.34:883][  0]LogTargetPlatformManager: Display: Loaded TargetPlatform 'WindowsNoEditor'
[2020.07.06-00.55.34:920][  0]LogTargetPlatformManager: Display: Loaded TargetPlatform 'Windows'
[2020.07.06-00.55.34:935][  0]LogTargetPlatformManager: Display: Loaded TargetPlatform 'WindowsClient'
[2020.07.06-00.55.34:977][  0]LogTargetPlatformManager: Display: Loaded TargetPlatform 'WindowsServer'
[2020.07.06-00.55.34:977][  0]LogTargetPlatformManager: Display: Building Assets For Windows
[2020.07.06-00.55.35:152][  0]LogAudioDebug: Display: Lib vorbis DLL was dynamically loaded.
[2020.07.06-00.55.35:836][  0]LogShaderCompilers: Guid format shader working directory is -11 characters bigger than the processId version (../../../../../Unreal Projects/CodZombiesBruh/ZombiesBruh/Intermediate/Shaders/WorkingDirectory/8664/).
[2020.07.06-00.55.35:837][  0]LogShaderCompilers: Cleaned the shader compiler working directory 'C:/Users/bryce/AppData/Local/Temp/UnrealShaderWorkingDir/ACB864A541C8315B7A3A9ABB50D52927/'.
[2020.07.06-00.55.35:849][  0]LogXGEController: Cleaning working directory: C:/Users/bryce/AppData/Local/Temp/UnrealXGEWorkingDir/
[2020.07.06-00.55.35:849][  0]LogXGEController: Cannot use XGE Controller as Incredibuild is not installed on this machine.
[2020.07.06-00.55.35:849][  0]LogShaderCompilers: Cannot use XGE Shader Compiler as Incredibuild is not installed on this machine.
[2020.07.06-00.55.35:849][  0]LogShaderCompilers: Display: Using Local Shader Compiler.
[2020.07.06-00.55.37:717][  0]LogDerivedDataCache: Display: Max Cache Size: 512 MB
[2020.07.06-00.55.38:008][  0]LogDerivedDataCache: Loaded boot cache 0.29s 78MB C:/Users/bryce/AppData/Local/UnrealEngine/4.24/DerivedDataCache/Boot.ddc.
[2020.07.06-00.55.38:008][  0]LogDerivedDataCache: Display: Loaded Boot cache: C:/Users/bryce/AppData/Local/UnrealEngine/4.24/DerivedDataCache/Boot.ddc
[2020.07.06-00.55.38:008][  0]LogDerivedDataCache: FDerivedDataBackendGraph:  Pak pak cache file ../../../../../Unreal Projects/CodZombiesBruh/ZombiesBruh/DerivedDataCache/DDC.ddp not found, will not use a pak cache.
[2020.07.06-00.55.38:008][  0]LogDerivedDataCache: Unable to find inner node Pak for hierarchical cache Hierarchy.
[2020.07.06-00.55.38:008][  0]LogDerivedDataCache: FDerivedDataBackendGraph:  CompressedPak pak cache file ../../../../../Unreal Projects/CodZombiesBruh/ZombiesBruh/DerivedDataCache/Compressed.ddp not found, will not use a pak cache.
[2020.07.06-00.55.38:009][  0]LogDerivedDataCache: Unable to find inner node CompressedPak for hierarchical cache Hierarchy.
[2020.07.06-00.55.38:048][  0]LogDerivedDataCache: Display: Pak cache opened for reading ../../../Engine/DerivedDataCache/Compressed.ddp.
[2020.07.06-00.55.38:048][  0]LogDerivedDataCache: FDerivedDataBackendGraph:  EnterprisePak pak cache file ../../../Enterprise/DerivedDataCache/Compressed.ddp not found, will not use a pak cache.
[2020.07.06-00.55.38:048][  0]LogDerivedDataCache: Unable to find inner node EnterprisePak for hierarchical cache Hierarchy.
[2020.07.06-00.55.38:050][  0]LogDerivedDataCache: Using Local data cache path C:/Users/bryce/AppData/Local/UnrealEngine/Common/DerivedDataCache: Writable
[2020.07.06-00.55.38:050][  0]LogDerivedDataCache: Shared data cache path not found in *engine.ini, will not use an Shared cache.
[2020.07.06-00.55.38:050][  0]LogDerivedDataCache: Unable to find inner node Shared for hierarchical cache Hierarchy.
[2020.07.06-00.55.38:078][  0]LogMaterial: Verifying Global Shaders for PCD3D_SM5
[2020.07.06-00.55.38:081][  0]LogSlate: Using FreeType 2.10.0
[2020.07.06-00.55.38:160][  0]LogSlate: SlateFontServices - WITH_FREETYPE: 1, WITH_HARFBUZZ: 1
[2020.07.06-00.55.38:990][  0]LogAssetRegistry: FAssetRegistry took 0.0033 seconds to start up
[2020.07.06-00.55.39:578][  0]LogInit: Selected Device Profile: [Windows]
[2020.07.06-00.55.41:214][  0]LogMeshReduction: Using QuadricMeshReduction for automatic static mesh reduction
[2020.07.06-00.55.41:214][  0]LogMeshReduction: Using SimplygonMeshReduction for automatic skeletal mesh reduction
[2020.07.06-00.55.41:214][  0]LogMeshReduction: Using ProxyLODMeshReduction for automatic mesh merging
[2020.07.06-00.55.41:214][  0]LogMeshReduction: No distributed automatic mesh merging module available
[2020.07.06-00.55.41:214][  0]LogMeshMerging: No distributed automatic mesh merging module available
[2020.07.06-00.55.41:253][  0]LogNetVersion: ZombiesBruh 1.0.0, NetCL: 10570792, EngineNetVer: 13, GameNetVer: 0 (Checksum: 1568655336)
[2020.07.06-00.55.52:316][  0]LogPackageLocalizationCache: Processed 10 localized package path(s) for 1 prioritized culture(s) in 0.093363 seconds
[2020.07.06-00.55.52:324][  0]LogUObjectArray: 46750 objects as part of root set at end of initial load.
[2020.07.06-00.55.52:324][  0]LogUObjectAllocator: 8137160 out of 0 bytes used by permanent object pool.
[2020.07.06-00.55.52:324][  0]LogUObjectArray: CloseDisregardForGC: 0/0 objects in disregard for GC pool
[2020.07.06-00.55.55:036][  0]LogTcpMessaging: Initializing TcpMessaging bridge
[2020.07.06-00.55.55:055][  0]LogUdpMessaging: Initializing bridge on interface 0.0.0.0:0 to multicast group 230.0.0.1:6666.
[2020.07.06-00.55.55:556][  0]SourceControl: Source control is disabled
[2020.07.06-00.55.55:556][  0]SourceControl: Source control is disabled
[2020.07.06-00.55.55:618][  0]SourceControl: Source control is disabled
[2020.07.06-00.55.55:633][  0]SourceControl: Source control is disabled
[2020.07.06-00.55.55:653][  0]SourceControl: Source control is disabled
[2020.07.06-00.55.56:625][  0]LogAndroidPermission: UAndroidPermissionCallbackProxy::GetInstance
[2020.07.06-00.55.56:868][  0]LogAudioCaptureCore: Display: No Audio Capture implementations found. Audio input will be silent.
[2020.07.06-00.55.56:868][  0]LogAudioCaptureCore: Display: No Audio Capture implementations found. Audio input will be silent.
[2020.07.06-00.55.57:236][  0]LogOcInput: OculusInput pre-init called
[2020.07.06-00.55.57:290][  0]LogWindows: Failed to load 'OVRPlugin.dll' (GetLastError=126)
[2020.07.06-00.55.57:291][  0]LogWindows: File 'OVRPlugin.dll' does not exist
[2020.07.06-00.55.57:598][  0]LogEngine: Initializing Engine...
[2020.07.06-00.55.57:599][  0]LogHMD: Failed to initialize OpenVR with code 110
[2020.07.06-00.55.57:600][  0]LogStats: UGameplayTagsManager::InitializeManager -  0.001 s
[2020.07.06-00.55.58:101][  0]LogInit: Initializing FReadOnlyCVARCache
[2020.07.06-00.55.58:141][  0]LogAIModule: Creating AISystem for world Untitled
[2020.07.06-00.55.58:152][  0]LogAudioMixer: Display: Audio Mixer Platform Settings:
[2020.07.06-00.55.58:152][  0]LogAudioMixer: Display: 	Sample Rate:						  48000
[2020.07.06-00.55.58:153][  0]LogAudioMixer: Display: 	Callback Buffer Frame Size Requested: 1024
[2020.07.06-00.55.58:153][  0]LogAudioMixer: Display: 	Callback Buffer Frame Size To Use:	  1024
[2020.07.06-00.55.58:153][  0]LogAudioMixer: Display: 	Number of buffers to queue:			  2
[2020.07.06-00.55.58:153][  0]LogAudioMixer: Display: 	Max Channels (voices):				  32
[2020.07.06-00.55.58:153][  0]LogAudioMixer: Display: 	Number of Async Source Workers:		  0
[2020.07.06-00.55.58:153][  0]LogAudio: Display: AudioDevice MaxSources: 32
[2020.07.06-00.55.58:153][  0]LogAudio: Display: Using built-in audio occlusion.
[2020.07.06-00.55.58:153][  0]LogAudioMixer: Display: Initializing audio mixer.
[2020.07.06-00.55.58:221][  0]LogAudioMixer: Display: Audio Device Output Speaker Info:
[2020.07.06-00.55.58:221][  0]LogAudioMixer: Display: Name: Speakers (High Definition Audio Device)
[2020.07.06-00.55.58:221][  0]LogAudioMixer: Display: Is Default: Yes
[2020.07.06-00.55.58:221][  0]LogAudioMixer: Display: Sample Rate: 96000
[2020.07.06-00.55.58:221][  0]LogAudioMixer: Display: Channel Count Used: 2
[2020.07.06-00.55.58:221][  0]LogAudioMixer: Display: Device Channel Count: 2
[2020.07.06-00.55.58:221][  0]LogAudioMixer: Display: Channel Order:
[2020.07.06-00.55.58:221][  0]LogAudioMixer: Display: 0: FrontLeft
[2020.07.06-00.55.58:221][  0]LogAudioMixer: Display: 1: FrontRight
[2020.07.06-00.55.58:265][  0]LogAudioMixer: Display: Using Audio Device Speakers (High Definition Audio Device)
[2020.07.06-00.55.58:270][  0]LogInit: FAudioDevice initialized.
[2020.07.06-00.55.58:270][  0]LogNetVersion: Set ProjectVersion to 1.0.0.0. Version Checksum will be recalculated on next use.
[2020.07.06-00.55.58:485][  0]LogDerivedDataCache: Saved boot cache 0.21s 78MB C:/Users/bryce/AppData/Local/UnrealEngine/4.24/DerivedDataCache/Boot.ddc.
[2020.07.06-00.55.58:485][  0]LogInit: Texture streaming: Enabled
[2020.07.06-00.55.58:602][  0]LogEngineSessionManager: EngineSessionManager initialized
[2020.07.06-00.55.58:619][  0]LogEngineSessionManager: EngineSessionManager sent abnormal shutdown report. Type=AbnormalShutdown, SessionId={D468E40C-416B-F80E-2F1F-0AB3181DEB86}
[2020.07.06-00.55.58:619][  0]LogEditorSessionSummary: Verbose: Initializing EditorSessionSummaryWriter for editor session tracking
[2020.07.06-00.55.58:639][  0]LogEditorSessionSummary: EditorSessionSummaryWriter initialized
[2020.07.06-00.55.59:345][  0]LogInit: Transaction tracking system initialized
[2020.07.06-00.55.59:978][  0]BlueprintLog: New page: Editor Load
[2020.07.06-00.56.01:813][  0]LocalizationService: Localization service is disabled
[2020.07.06-00.56.04:191][  0]LogCook: Display: Max memory allowance for cook 16384mb min free memory 0mb
[2020.07.06-00.56.04:191][  0]LogCook: Display: Mobile HDR setting 1
[2020.07.06-00.56.04:637][  0]LogFileCache: Scanning file cache for directory 'F:/Unreal Projects/CodZombiesBruh/ZombiesBruh/Content/' took 0.09s
[2020.07.06-00.56.08:758][  0]SourceControl: Source control is disabled
[2020.07.06-00.56.09:151][  0]LogSlate: Took 0.055830 seconds to synchronously load lazily loaded font '../../../Engine/Content/Slate/Fonts/Roboto-Regular.ttf' (155K)
[2020.07.06-00.56.17:680][  0]LogSlate: Window 'Restore Packages' being destroyed
[2020.07.06-00.56.17:681][  0]LogWindowsTextInputMethodSystem: Display: IME system now deactivated.
[2020.07.06-00.56.17:722][  0]LogWindowsTextInputMethodSystem: Display: IME system now deactivated.
[2020.07.06-00.56.22:006][  0]LogSlate: Window 'Unable to Check Out From Source Control!' being destroyed
[2020.07.06-00.56.22:006][  0]LogWindowsTextInputMethodSystem: Display: IME system now deactivated.
[2020.07.06-00.56.22:023][  0]LogWindowsTextInputMethodSystem: Display: IME system now deactivated.
[2020.07.06-00.56.22:024][  0]Cmd: MAP LOAD FILE="../../../../../Unreal Projects/CodZombiesBruh/ZombiesBruh/Content/FirstPersonBP/Maps/FirstPersonExampleMap.umap" TEMPLATE=0 SHOWPROGRESS=1 FEATURELEVEL=3
[2020.07.06-00.56.22:025][  0]LightingResults: New page: Lighting Build
[2020.07.06-00.56.22:133][  0]LogWorld: UWorld::CleanupWorld for Untitled, bSessionEnded=true, bCleanupResources=true
[2020.07.06-00.56.22:133][  0]LogSlate: InvalidateAllWidgets triggered.  All widgets were invalidated
[2020.07.06-00.56.22:134][  0]MapCheck: New page: Map Check
[2020.07.06-00.56.22:134][  0]LightingResults: New page: Lighting Build
[2020.07.06-00.56.22:161][  0]LogUObjectHash: Compacting FUObjectHashTables data took   2.00ms
[2020.07.06-00.56.26:976][  0]LogAIModule: Creating AISystem for world FirstPersonExampleMap
[2020.07.06-00.56.27:014][  0]LogEditorServer: Finished looking for orphan Actors (0.000 secs)
[2020.07.06-00.56.27:049][  0]LogUObjectHash: Compacting FUObjectHashTables data took   3.16ms
[2020.07.06-00.56.27:050][  0]Cmd: MAP CHECKDEP NOCLEARLOG
[2020.07.06-00.56.27:050][  0]MapCheck: Map check complete: 0 Error(s), 0 Warning(s), took 0.445ms to complete.
[2020.07.06-00.56.27:050][  0]LogFileHelpers: Loading map 'FirstPersonExampleMap' took 5.026
[2020.07.06-00.56.27:511][  0]LogSlate: Updating window title bar state: overlay mode, drag disabled, window buttons hidden, title bar hidden
[2020.07.06-00.56.27:520][  0]LogSlate: Updating window title bar state: overlay mode, drag disabled, window buttons hidden, title bar hidden
[2020.07.06-00.56.27:528][  0]LogSlate: Updating window title bar state: overlay mode, drag disabled, window buttons hidden, title bar hidden
[2020.07.06-00.56.27:536][  0]LogSlate: Updating window title bar state: overlay mode, drag disabled, window buttons hidden, title bar hidden
[2020.07.06-00.56.28:009][  0]LogCollectionManager: Loaded 0 collections in 0.006005 seconds
[2020.07.06-00.56.28:057][  0]LogFileCache: Scanning file cache for directory 'F:/Unreal Projects/CodZombiesBruh/ZombiesBruh/Saved/Collections/' took 0.00s
[2020.07.06-00.56.28:057][  0]LogFileCache: Scanning file cache for directory 'F:/Unreal Projects/CodZombiesBruh/ZombiesBruh/Content/Developers/bryce/Collections/' took 0.00s
[2020.07.06-00.56.28:057][  0]LogFileCache: Scanning file cache for directory 'F:/Unreal Projects/CodZombiesBruh/ZombiesBruh/Content/Collections/' took 0.00s
[2020.07.06-00.56.28:057][  0]LogContentBrowser: Native class hierarchy populated in 0.0092 seconds. Added 3017 classes and 720 folders.
[2020.07.06-00.56.28:203][  0]LogContentBrowser: Native class hierarchy updated for 'WidgetCarousel' in 0.0014 seconds. Added 0 classes and 0 folders.
[2020.07.06-00.56.32:556][  0]LogContentBrowser: Native class hierarchy updated for 'AddContentDialog' in 0.0006 seconds. Added 0 classes and 0 folders.
[2020.07.06-00.56.32:687][  0]LogSlate: Took 0.035479 seconds to synchronously load lazily loaded font '../../../Engine/Content/Slate/Fonts/Roboto-Bold.ttf' (160K)
[2020.07.06-00.56.32:727][  0]LogSlate: Took 0.036176 seconds to synchronously load lazily loaded font '../../../Engine/Content/Editor/Slate/Fonts/FontAwesome.ttf' (139K)
[2020.07.06-00.56.32:988][  0]LogRenderer: Reallocating scene render targets to support 636x348 Format 10 NumSamples 1 (Frame:1).
[2020.07.06-00.56.33:098][  0]LogSlate: Took 0.028847 seconds to synchronously load lazily loaded font '../../../Engine/Content/Slate/Fonts/Roboto-Light.ttf' (167K)
[2020.07.06-00.56.33:306][  0]LogContentBrowser: Native class hierarchy updated for 'HierarchicalLODOutliner' in 0.0009 seconds. Added 0 classes and 0 folders.
[2020.07.06-00.56.33:306][  0]LogLoad: (Engine Initialization) Total time: 85.04 seconds
[2020.07.06-00.56.33:306][  0]LogLoad: (Engine Initialization) Total Blueprint compile time: 0.00 seconds
[2020.07.06-00.56.33:534][  0]LogContentStreaming: Texture pool size now 1000 MB
[2020.07.06-00.56.33:572][  1]LogFileCache: Retrieving MD5 hashes for directory 'F:/Unreal Projects/CodZombiesBruh/ZombiesBruh/Content/' took 0.14s
[2020.07.06-00.56.36:474][ 36]LogSlate: Window 'Message Log' being destroyed
[2020.07.06-00.56.36:482][ 36]LogSlate: Window 'Message Log' being destroyed
[2020.07.06-00.56.37:117][ 43]LogAssetRegistry: Asset discovery search completed in 58.1288 seconds
[2020.07.06-00.56.37:122][ 43]LogCollectionManager: Fixed up redirectors for 0 collections in 0.000018 seconds (updated 0 objects)
[2020.07.06-00.56.40:356][418]LogSlate: Took 0.000436 seconds to synchronously load lazily loaded font '../../../Engine/Content/Slate/Fonts/Roboto-Light.ttf' (167K)
[2020.07.06-00.56.40:377][418]LogAssetEditorSubsystem: Opening Asset editor for Blueprint /Game/FPS_Assault_Pack/Blueprints/RU74/BP_RU74_Character.BP_RU74_Character
[2020.07.06-00.56.40:693][418]LogContentBrowser: Native class hierarchy updated for 'BlueprintGraph' in 0.0007 seconds. Added 121 classes and 0 folders.
[2020.07.06-00.56.41:972][418]LogSlate: Took 0.015424 seconds to synchronously load lazily loaded font '../../../Engine/Content/Slate/Fonts/Roboto-BoldCondensed.ttf' (158K)
[2020.07.06-00.56.42:074][419]LogSlate: Took 0.000571 seconds to synchronously load lazily loaded font '../../../Engine/Content/Slate/Fonts/Roboto-Italic.ttf' (157K)
[2020.07.06-00.56.44:994][643]LogSavePackage: Moving '../../../../../Unreal Projects/CodZombiesBruh/ZombiesBruh/Saved/BP_RU74_CharacterCC6B1ECD4CB8F7CCD0697F97EB2E4060.tmp' to '../../../../../Unreal Projects/CodZombiesBruh/ZombiesBruh/Content/FPS_Assault_Pack/Blueprints/RU74/BP_RU74_Character.uasset'
[2020.07.06-00.56.45:022][643]AssetCheck: New page: Asset Save: BP_RU74_Character
[2020.07.06-00.56.45:022][643]LogContentValidation: Display: Validating Blueprint /Game/FPS_Assault_Pack/Blueprints/RU74/BP_RU74_Character.BP_RU74_Character
[2020.07.06-00.56.52:522][955]LogSavePackage: Moving '../../../../../Unreal Projects/CodZombiesBruh/ZombiesBruh/Saved/BP_RU74_Character9F7623C846A846D91F2E85ACDDD46679.tmp' to '../../../../../Unreal Projects/CodZombiesBruh/ZombiesBruh/Content/FPS_Assault_Pack/Blueprints/RU74/BP_RU74_Character.uasset'
[2020.07.06-00.56.52:553][955]AssetCheck: New page: Asset Save: BP_RU74_Character
[2020.07.06-00.56.52:553][955]LogContentValidation: Display: Validating Blueprint /Game/FPS_Assault_Pack/Blueprints/RU74/BP_RU74_Character.BP_RU74_Character
[2020.07.06-00.59.40:193][828]LogAIModule: Creating AISystem for world Mainlevel
[2020.07.06-00.59.40:236][828]LogAssetEditorSubsystem: Opening Asset editor for World /Game/Levels/Mainlevel.Mainlevel
[2020.07.06-00.59.40:283][828]LogUObjectHash: Compacting FUObjectHashTables data took   4.50ms
[2020.07.06-00.59.40:286][828]Cmd: MAP LOAD FILE="../../../../../Unreal Projects/CodZombiesBruh/ZombiesBruh/Content/Levels/Mainlevel.umap" TEMPLATE=0 SHOWPROGRESS=1 FEATURELEVEL=3
[2020.07.06-00.59.40:286][828]LightingResults: New page: Lighting Build
[2020.07.06-00.59.40:287][828]LoadErrors: New page: Loading map: Mainlevel.umap
[2020.07.06-00.59.40:288][828]LogWorld: UWorld::CleanupWorld for FirstPersonExampleMap, bSessionEnded=true, bCleanupResources=true
[2020.07.06-00.59.40:288][828]LogSlate: InvalidateAllWidgets triggered.  All widgets were invalidated
[2020.07.06-00.59.40:288][828]MapCheck: New page: Map Check
[2020.07.06-00.59.40:288][828]LightingResults: New page: Lighting Build
[2020.07.06-00.59.40:328][828]LogUObjectHash: Compacting FUObjectHashTables data took   3.60ms
[2020.07.06-00.59.40:503][828]LogEditorServer: Finished looking for orphan Actors (0.000 secs)
[2020.07.06-00.59.40:565][828]LogUObjectHash: Compacting FUObjectHashTables data took   3.63ms
[2020.07.06-00.59.40:590][828]Cmd: MAP CHECKDEP NOCLEARLOG
[2020.07.06-00.59.40:590][828]MapCheck: Map check complete: 0 Error(s), 0 Warning(s), took 0.43ms to complete.
[2020.07.06-00.59.40:590][828]LogFileHelpers: Loading map 'Mainlevel' took 0.305
[2020.07.06-00.59.45:615][366]LogTemp: Repeating last play command: Selected Viewport
[2020.07.06-00.59.45:632][366]LogBlueprintUserMessages: Early PlayInEditor Detection: Level '/Game/Levels/Mainlevel.Mainlevel:PersistentLevel' has LevelScriptBlueprint '/Game/Levels/Mainlevel.Mainlevel:PersistentLevel.Mainlevel' with GeneratedClass '/Game/Levels/Mainlevel.Mainlevel_C' with ClassGeneratedBy '/Game/Levels/Mainlevel.Mainlevel:PersistentLevel.Mainlevel'
[2020.07.06-00.59.45:632][366]LogPlayLevel: PlayLevel: No blueprints needed recompiling
[2020.07.06-00.59.45:633][366]PIE: New page: PIE session: Mainlevel (6 Jul 2020, 8:59:45 pm)
[2020.07.06-00.59.45:634][366]LogOnline: OSS: Creating online subsystem instance for: NULL
[2020.07.06-00.59.45:635][366]LogOnline: OSS: TryLoadSubsystemAndSetDefault: Loaded subsystem for module [NULL]
[2020.07.06-00.59.45:635][366]LogPlayLevel: Creating play world package: /Game/Levels/UEDPIE_0_Mainlevel
[2020.07.06-00.59.45:707][366]LogPlayLevel: PIE: StaticDuplicateObject took: (0.071702s)
[2020.07.06-00.59.45:708][366]LogAIModule: Creating AISystem for world Mainlevel
[2020.07.06-00.59.45:709][366]LogPlayLevel: PIE: World Init took: (0.001231s)
[2020.07.06-00.59.45:709][366]LogPlayLevel: PIE: Created PIE world by copying editor world from /Game/Levels/Mainlevel.Mainlevel to /Game/Levels/UEDPIE_0_Mainlevel.Mainlevel (0.073626s)
[2020.07.06-00.59.45:746][366]LogUObjectHash: Compacting FUObjectHashTables data took   3.39ms
[2020.07.06-00.59.45:750][366]LogAudioMixer: Display: Audio Mixer Platform Settings:
[2020.07.06-00.59.45:750][366]LogAudioMixer: Display: 	Sample Rate:						  48000
[2020.07.06-00.59.45:750][366]LogAudioMixer: Display: 	Callback Buffer Frame Size Requested: 1024
[2020.07.06-00.59.45:750][366]LogAudioMixer: Display: 	Callback Buffer Frame Size To Use:	  1024
[2020.07.06-00.59.45:750][366]LogAudioMixer: Display: 	Number of buffers to queue:			  2
[2020.07.06-00.59.45:750][366]LogAudioMixer: Display: 	Max Channels (voices):				  32
[2020.07.06-00.59.45:750][366]LogAudioMixer: Display: 	Number of Async Source Workers:		  0
[2020.07.06-00.59.45:750][366]LogAudio: Display: AudioDevice MaxSources: 32
[2020.07.06-00.59.45:751][366]LogAudio: Display: Using built-in audio occlusion.
[2020.07.06-00.59.45:751][366]LogAudioMixer: Display: Initializing audio mixer.
[2020.07.06-00.59.45:796][366]LogAudioMixer: Display: Audio Device Output Speaker Info:
[2020.07.06-00.59.45:796][366]LogAudioMixer: Display: Name: Speakers (High Definition Audio Device)
[2020.07.06-00.59.45:796][366]LogAudioMixer: Display: Is Default: Yes
[2020.07.06-00.59.45:796][366]LogAudioMixer: Display: Sample Rate: 96000
[2020.07.06-00.59.45:796][366]LogAudioMixer: Display: Channel Count Used: 2
[2020.07.06-00.59.45:796][366]LogAudioMixer: Display: Device Channel Count: 2
[2020.07.06-00.59.45:796][366]LogAudioMixer: Display: Channel Order:
[2020.07.06-00.59.45:796][366]LogAudioMixer: Display: 0: FrontLeft
[2020.07.06-00.59.45:796][366]LogAudioMixer: Display: 1: FrontRight
[2020.07.06-00.59.45:817][366]LogAudioMixer: Display: Using Audio Device Speakers (High Definition Audio Device)
[2020.07.06-00.59.45:818][366]LogInit: FAudioDevice initialized.
[2020.07.06-00.59.45:826][366]LogLoad: Game class is 'BP_FPS_GameMode_C'
[2020.07.06-00.59.45:839][366]LogWorld: Bringing World /Game/Levels/UEDPIE_0_Mainlevel.Mainlevel up for play (max tick rate 0) at 2020.07.06-10.59.45
[2020.07.06-00.59.45:840][366]LogWorld: Bringing up level for play took: 0.012751
[2020.07.06-00.59.45:854][366]LogOnline: OSS: Creating online subsystem instance for: :Context_3
[2020.07.06-00.59.45:893][366]LogContentBrowser: Native class hierarchy updated for 'MovieSceneCapture' in 0.0005 seconds. Added 20 classes and 0 folders.
[2020.07.06-00.59.45:897][366]PIE: Play in editor start time for /Game/Levels/UEDPIE_0_Mainlevel 0.71
[2020.07.06-00.59.45:898][366]LogBlueprintUserMessages: Late PlayInEditor Detection: Level '/Game/Levels/Mainlevel.Mainlevel:PersistentLevel' has LevelScriptBlueprint '/Game/Levels/Mainlevel.Mainlevel:PersistentLevel.Mainlevel' with GeneratedClass '/Game/Levels/Mainlevel.Mainlevel_C' with ClassGeneratedBy '/Game/Levels/Mainlevel.Mainlevel:PersistentLevel.Mainlevel'
[2020.07.06-00.59.49:766][771]LogBlueprintUserMessages: [BP_RU74_Character_C_0] 29
[2020.07.06-00.59.49:767][771]LogBlueprintUserMessages: [BP_RU74_Character_C_0] Fire
[2020.07.06-00.59.49:767][771]LogBlueprintUserMessages: [BP_RU74_Character_C_0] Blam
[2020.07.06-00.59.49:880][783]LogBlueprintUserMessages: [BP_RU74_Character_C_0] 28
[2020.07.06-00.59.49:880][783]LogBlueprintUserMessages: [BP_RU74_Character_C_0] Fire
[2020.07.06-00.59.49:881][783]LogBlueprintUserMessages: [BP_RU74_Character_C_0] Blam
[2020.07.06-00.59.50:006][797]LogBlueprintUserMessages: [BP_RU74_Character_C_0] 27
[2020.07.06-00.59.50:006][797]LogBlueprintUserMessages: [BP_RU74_Character_C_0] Fire
[2020.07.06-00.59.50:006][797]LogBlueprintUserMessages: [BP_RU74_Character_C_0] Blam
[2020.07.06-00.59.50:323][835]LogBlueprintUserMessages: [BP_RU74_Character_C_0] 26
[2020.07.06-00.59.50:323][835]LogBlueprintUserMessages: [BP_RU74_Character_C_0] Fire
[2020.07.06-00.59.50:323][835]LogBlueprintUserMessages: [BP_RU74_Character_C_0] Blam
[2020.07.06-00.59.50:440][849]LogBlueprintUserMessages: [BP_RU74_Character_C_0] 25
[2020.07.06-00.59.50:440][849]LogBlueprintUserMessages: [BP_RU74_Character_C_0] Fire
[2020.07.06-00.59.50:565][864]LogBlueprintUserMessages: [BP_RU74_Character_C_0] 24
[2020.07.06-00.59.50:565][864]LogBlueprintUserMessages: [BP_RU74_Character_C_0] Fire
[2020.07.06-00.59.50:692][879]LogBlueprintUserMessages: [BP_RU74_Character_C_0] 23
[2020.07.06-00.59.50:692][879]LogBlueprintUserMessages: [BP_RU74_Character_C_0] Fire
[2020.07.06-00.59.50:692][879]LogBlueprintUserMessages: [BP_RU74_Character_C_0] Blam
[2020.07.06-00.59.50:816][894]LogBlueprintUserMessages: [BP_RU74_Character_C_0] 22
[2020.07.06-00.59.50:816][894]LogBlueprintUserMessages: [BP_RU74_Character_C_0] Fire
[2020.07.06-00.59.50:816][894]LogBlueprintUserMessages: [BP_RU74_Character_C_0] Blam
[2020.07.06-00.59.50:942][909]LogBlueprintUserMessages: [BP_RU74_Character_C_0] 21
[2020.07.06-00.59.50:942][909]LogBlueprintUserMessages: [BP_RU74_Character_C_0] Fire
[2020.07.06-00.59.50:942][909]LogBlueprintUserMessages: [BP_RU74_Character_C_0] Blam
[2020.07.06-00.59.51:067][924]LogBlueprintUserMessages: [BP_RU74_Character_C_0] 20
[2020.07.06-00.59.51:067][924]LogBlueprintUserMessages: [BP_RU74_Character_C_0] Fire
[2020.07.06-00.59.51:067][924]LogBlueprintUserMessages: [BP_RU74_Character_C_0] Blam
[2020.07.06-00.59.51:267][948]LogBlueprintUserMessages: [BP_RU74_Character_C_0] 19
[2020.07.06-00.59.51:268][948]LogBlueprintUserMessages: [BP_RU74_Character_C_0] Fire
[2020.07.06-00.59.51:268][948]LogBlueprintUserMessages: [BP_RU74_Character_C_0] Blam
[2020.07.06-00.59.51:384][962]LogBlueprintUserMessages: [BP_RU74_Character_C_0] 18
[2020.07.06-00.59.51:384][962]LogBlueprintUserMessages: [BP_RU74_Character_C_0] Fire
[2020.07.06-00.59.51:384][962]LogBlueprintUserMessages: [BP_RU74_Character_C_0] Blam
[2020.07.06-00.59.51:584][986]LogBlueprintUserMessages: [BP_RU74_Character_C_0] 17
[2020.07.06-00.59.51:585][986]LogBlueprintUserMessages: [BP_RU74_Character_C_0] Fire
[2020.07.06-00.59.51:585][986]LogBlueprintUserMessages: [BP_RU74_Character_C_0] Blam
[2020.07.06-00.59.55:513][446]LogBlueprintUserMessages: [BP_RU74_Character_C_0] 16
[2020.07.06-00.59.55:513][446]LogBlueprintUserMessages: [BP_RU74_Character_C_0] Fire
[2020.07.06-00.59.55:513][446]LogBlueprintUserMessages: [BP_RU74_Character_C_0] Blam
[2020.07.06-00.59.55:680][466]LogBlueprintUserMessages: [BP_RU74_Character_C_0] 15
[2020.07.06-00.59.55:680][466]LogBlueprintUserMessages: [BP_RU74_Character_C_0] Fire
[2020.07.06-00.59.55:680][466]LogBlueprintUserMessages: [BP_RU74_Character_C_0] Blam
[2020.07.06-00.59.56:238][533]LogBlueprintUserMessages: [BP_RU74_Character_C_0] Reload
[2020.07.06-00.59.59:837][962]LogAudioMixer: Display: No commands were queued while flushing the source manager.
[2020.07.06-00.59.59:851][962]LogAudioMixer: Display: Flush succeeded in the source manager command queue (1).
[2020.07.06-00.59.59:871][962]LogAudioMixer: Display: Flush succeeded the source manager command queue (2).
[2020.07.06-00.59.59:872][962]LogBlueprintUserMessages: Early EndPlayMap Detection: Level '/Game/Levels/Mainlevel.Mainlevel:PersistentLevel' has LevelScriptBlueprint '/Game/Levels/Mainlevel.Mainlevel:PersistentLevel.Mainlevel' with GeneratedClass '/Game/Levels/Mainlevel.Mainlevel_C' with ClassGeneratedBy '/Game/Levels/Mainlevel.Mainlevel:PersistentLevel.Mainlevel'
[2020.07.06-00.59.59:872][962]LogSlate: Updating window title bar state: overlay mode, drag disabled, window buttons hidden, title bar hidden
[2020.07.06-00.59.59:872][962]LogWorld: BeginTearingDown for /Game/Levels/UEDPIE_0_Mainlevel
[2020.07.06-00.59.59:872][962]LogAudioMixer: Display: No commands were queued while flushing the source manager.
[2020.07.06-00.59.59:873][962]LogWorld: UWorld::CleanupWorld for Mainlevel, bSessionEnded=true, bCleanupResources=true
[2020.07.06-00.59.59:875][962]LogSlate: InvalidateAllWidgets triggered.  All widgets were invalidated
[2020.07.06-00.59.59:884][962]LogPlayLevel: Display: Shutting down PIE online subsystems
[2020.07.06-00.59.59:884][962]LogBlueprintUserMessages: Late EndPlayMap Detection: Level '/Game/Levels/Mainlevel.Mainlevel:PersistentLevel' has LevelScriptBlueprint '/Game/Levels/Mainlevel.Mainlevel:PersistentLevel.Mainlevel' with GeneratedClass '/Game/Levels/Mainlevel.Mainlevel_C' with ClassGeneratedBy '/Game/Levels/Mainlevel.Mainlevel:PersistentLevel.Mainlevel'
[2020.07.06-00.59.59:890][962]LogSlate: InvalidateAllWidgets triggered.  All widgets were invalidated
[2020.07.06-00.59.59:933][962]LogAudioMixer: Display: No commands were queued while flushing the source manager.
[2020.07.06-00.59.59:936][962]LogSlate: Updating window title bar state: overlay mode, drag disabled, window buttons hidden, title bar hidden
[2020.07.06-00.59.59:973][962]LogUObjectHash: Compacting FUObjectHashTables data took   5.39ms
[2020.07.06-00.59.59:993][963]LogPlayLevel: Display: Destroying online subsystem :Context_3
[2020.07.06-01.02.01:501][887]LogRenderer: Reallocating scene render targets to support 752x540 Format 10 NumSamples 1 (Frame:1).
[2020.07.06-01.03.15:836][446]BlueprintLog: New page: Compile BP_RU74_Character
[2020.07.06-01.03.16:286][446]LogUObjectHash: Compacting FUObjectHashTables data took   5.84ms
[2020.07.06-01.03.19:752][661]LogSavePackage: Moving '../../../../../Unreal Projects/CodZombiesBruh/ZombiesBruh/Saved/BP_RU74_Character906C6F374E06F1B7F1EED6A98A95606C.tmp' to '../../../../../Unreal Projects/CodZombiesBruh/ZombiesBruh/Content/FPS_Assault_Pack/Blueprints/RU74/BP_RU74_Character.uasset'
[2020.07.06-01.03.19:782][661]AssetCheck: New page: Asset Save: BP_RU74_Character
[2020.07.06-01.03.19:782][661]LogContentValidation: Display: Validating Blueprint /Game/FPS_Assault_Pack/Blueprints/RU74/BP_RU74_Character.BP_RU74_Character
[2020.07.06-01.03.26:908][253]LogTemp: Repeating last play command: Selected Viewport
[2020.07.06-01.03.26:926][253]LogBlueprintUserMessages: Early PlayInEditor Detection: Level '/Game/Levels/Mainlevel.Mainlevel:PersistentLevel' has LevelScriptBlueprint '/Game/Levels/Mainlevel.Mainlevel:PersistentLevel.Mainlevel' with GeneratedClass '/Game/Levels/Mainlevel.Mainlevel_C' with ClassGeneratedBy '/Game/Levels/Mainlevel.Mainlevel:PersistentLevel.Mainlevel'
[2020.07.06-01.03.26:926][253]LogPlayLevel: PlayLevel: No blueprints needed recompiling
[2020.07.06-01.03.26:927][253]PIE: New page: PIE session: Mainlevel (6 Jul 2020, 9:03:26 pm)
[2020.07.06-01.03.26:927][253]LogPlayLevel: Creating play world package: /Game/Levels/UEDPIE_0_Mainlevel
[2020.07.06-01.03.26:997][253]LogPlayLevel: PIE: StaticDuplicateObject took: (0.070362s)
[2020.07.06-01.03.26:998][253]LogAIModule: Creating AISystem for world Mainlevel
[2020.07.06-01.03.26:998][253]LogPlayLevel: PIE: World Init took: (0.001314s)
[2020.07.06-01.03.26:999][253]LogPlayLevel: PIE: Created PIE world by copying editor world from /Game/Levels/Mainlevel.Mainlevel to /Game/Levels/UEDPIE_0_Mainlevel.Mainlevel (0.072009s)
[2020.07.06-01.03.27:048][253]LogUObjectHash: Compacting FUObjectHashTables data took   5.90ms
[2020.07.06-01.03.27:050][253]LogAudioMixer: Display: Audio Mixer Platform Settings:
[2020.07.06-01.03.27:050][253]LogAudioMixer: Display: 	Sample Rate:						  48000
[2020.07.06-01.03.27:050][253]LogAudioMixer: Display: 	Callback Buffer Frame Size Requested: 1024
[2020.07.06-01.03.27:050][253]LogAudioMixer: Display: 	Callback Buffer Frame Size To Use:	  1024
[2020.07.06-01.03.27:050][253]LogAudioMixer: Display: 	Number of buffers to queue:			  2
[2020.07.06-01.03.27:050][253]LogAudioMixer: Display: 	Max Channels (voices):				  32
[2020.07.06-01.03.27:050][253]LogAudioMixer: Display: 	Number of Async Source Workers:		  0
[2020.07.06-01.03.27:050][253]LogAudio: Display: AudioDevice MaxSources: 32
[2020.07.06-01.03.27:050][253]LogAudio: Display: Using built-in audio occlusion.
[2020.07.06-01.03.27:050][253]LogAudioMixer: Display: Initializing audio mixer.
[2020.07.06-01.03.27:095][253]LogAudioMixer: Display: Audio Device Output Speaker Info:
[2020.07.06-01.03.27:095][253]LogAudioMixer: Display: Name: Speakers (High Definition Audio Device)
[2020.07.06-01.03.27:095][253]LogAudioMixer: Display: Is Default: Yes
[2020.07.06-01.03.27:096][253]LogAudioMixer: Display: Sample Rate: 96000
[2020.07.06-01.03.27:096][253]LogAudioMixer: Display: Channel Count Used: 2
[2020.07.06-01.03.27:096][253]LogAudioMixer: Display: Device Channel Count: 2
[2020.07.06-01.03.27:096][253]LogAudioMixer: Display: Channel Order:
[2020.07.06-01.03.27:096][253]LogAudioMixer: Display: 0: FrontLeft
[2020.07.06-01.03.27:096][253]LogAudioMixer: Display: 1: FrontRight
[2020.07.06-01.03.27:115][253]LogAudioMixer: Display: Using Audio Device Speakers (High Definition Audio Device)
[2020.07.06-01.03.27:117][253]LogInit: FAudioDevice initialized.
[2020.07.06-01.03.27:123][253]LogLoad: Game class is 'BP_FPS_GameMode_C'
[2020.07.06-01.03.27:136][253]LogWorld: Bringing World /Game/Levels/UEDPIE_0_Mainlevel.Mainlevel up for play (max tick rate 0) at 2020.07.06-11.03.27
[2020.07.06-01.03.27:137][253]LogWorld: Bringing up level for play took: 0.012828
[2020.07.06-01.03.27:150][253]LogOnline: OSS: Creating online subsystem instance for: :Context_8
[2020.07.06-01.03.27:155][253]PIE: Play in editor start time for /Game/Levels/UEDPIE_0_Mainlevel -0.031
[2020.07.06-01.03.27:156][253]LogBlueprintUserMessages: Late PlayInEditor Detection: Level '/Game/Levels/Mainlevel.Mainlevel:PersistentLevel' has LevelScriptBlueprint '/Game/Levels/Mainlevel.Mainlevel:PersistentLevel.Mainlevel' with GeneratedClass '/Game/Levels/Mainlevel.Mainlevel_C' with ClassGeneratedBy '/Game/Levels/Mainlevel.Mainlevel:PersistentLevel.Mainlevel'
[2020.07.06-01.03.31:849][809]LogAudioMixer: Display: No commands were queued while flushing the source manager.
[2020.07.06-01.03.31:851][809]LogAudioMixer: Display: Flush succeeded in the source manager command queue (1).
[2020.07.06-01.03.31:871][809]LogAudioMixer: Display: Flush succeeded the source manager command queue (2).
[2020.07.06-01.03.31:871][809]LogBlueprintUserMessages: Early EndPlayMap Detection: Level '/Game/Levels/Mainlevel.Mainlevel:PersistentLevel' has LevelScriptBlueprint '/Game/Levels/Mainlevel.Mainlevel:PersistentLevel.Mainlevel' with GeneratedClass '/Game/Levels/Mainlevel.Mainlevel_C' with ClassGeneratedBy '/Game/Levels/Mainlevel.Mainlevel:PersistentLevel.Mainlevel'
[2020.07.06-01.03.31:871][809]LogSlate: Updating window title bar state: overlay mode, drag disabled, window buttons hidden, title bar hidden
[2020.07.06-01.03.31:871][809]LogWorld: BeginTearingDown for /Game/Levels/UEDPIE_0_Mainlevel
[2020.07.06-01.03.31:872][809]LogAudioMixer: Display: No commands were queued while flushing the source manager.
[2020.07.06-01.03.31:872][809]LogWorld: UWorld::CleanupWorld for Mainlevel, bSessionEnded=true, bCleanupResources=true
[2020.07.06-01.03.31:874][809]LogSlate: InvalidateAllWidgets triggered.  All widgets were invalidated
[2020.07.06-01.03.31:882][809]LogPlayLevel: Display: Shutting down PIE online subsystems
[2020.07.06-01.03.31:883][809]LogBlueprintUserMessages: Late EndPlayMap Detection: Level '/Game/Levels/Mainlevel.Mainlevel:PersistentLevel' has LevelScriptBlueprint '/Game/Levels/Mainlevel.Mainlevel:PersistentLevel.Mainlevel' with GeneratedClass '/Game/Levels/Mainlevel.Mainlevel_C' with ClassGeneratedBy '/Game/Levels/Mainlevel.Mainlevel:PersistentLevel.Mainlevel'
[2020.07.06-01.03.31:888][809]LogSlate: InvalidateAllWidgets triggered.  All widgets were invalidated
[2020.07.06-01.03.31:928][809]LogAudioMixer: Display: No commands were queued while flushing the source manager.
[2020.07.06-01.03.31:931][809]LogSlate: Updating window title bar state: overlay mode, drag disabled, window buttons hidden, title bar hidden
[2020.07.06-01.03.31:940][809]LogUObjectHash: Compacting FUObjectHashTables data took   4.07ms
[2020.07.06-01.03.31:963][810]LogPlayLevel: Display: Destroying online subsystem :Context_8
[2020.07.06-01.06.39:616][940]BlueprintLog: New page: Compile BP_RU74_Character
[2020.07.06-01.06.40:065][940]LogUObjectHash: Compacting FUObjectHashTables data took   5.40ms
[2020.07.06-01.06.41:189][ 16]LogSavePackage: Moving '../../../../../Unreal Projects/CodZombiesBruh/ZombiesBruh/Saved/BP_RU74_CharacterB2D7BA11412B33CC07F0D6B34B17B15E.tmp' to '../../../../../Unreal Projects/CodZombiesBruh/ZombiesBruh/Content/FPS_Assault_Pack/Blueprints/RU74/BP_RU74_Character.uasset'
[2020.07.06-01.06.41:218][ 16]AssetCheck: New page: Asset Save: BP_RU74_Character
[2020.07.06-01.06.41:218][ 16]LogContentValidation: Display: Validating Blueprint /Game/FPS_Assault_Pack/Blueprints/RU74/BP_RU74_Character.BP_RU74_Character
[2020.07.06-01.08.12:534][518]LogEditorTransaction: Undo Add Node
[2020.07.06-01.10.38:970][ 70]BlueprintLog: New page: Compile BP_RU74_Character
[2020.07.06-01.10.39:417][ 70]LogUObjectHash: Compacting FUObjectHashTables data took   6.32ms
[2020.07.06-01.10.40:850][140]LogSavePackage: Moving '../../../../../Unreal Projects/CodZombiesBruh/ZombiesBruh/Saved/BP_RU74_CharacterF896216142ECA56D93EC768C5214CBC5.tmp' to '../../../../../Unreal Projects/CodZombiesBruh/ZombiesBruh/Content/FPS_Assault_Pack/Blueprints/RU74/BP_RU74_Character.uasset'
[2020.07.06-01.10.40:885][140]AssetCheck: New page: Asset Save: BP_RU74_Character
[2020.07.06-01.10.40:885][140]LogContentValidation: Display: Validating Blueprint /Game/FPS_Assault_Pack/Blueprints/RU74/BP_RU74_Character.BP_RU74_Character
[2020.07.06-01.10.48:082][675]LogTemp: Repeating last play command: Selected Viewport
[2020.07.06-01.10.48:100][675]LogBlueprintUserMessages: Early PlayInEditor Detection: Level '/Game/Levels/Mainlevel.Mainlevel:PersistentLevel' has LevelScriptBlueprint '/Game/Levels/Mainlevel.Mainlevel:PersistentLevel.Mainlevel' with GeneratedClass '/Game/Levels/Mainlevel.Mainlevel_C' with ClassGeneratedBy '/Game/Levels/Mainlevel.Mainlevel:PersistentLevel.Mainlevel'
[2020.07.06-01.10.48:101][675]LogPlayLevel: PlayLevel: No blueprints needed recompiling
[2020.07.06-01.10.48:101][675]PIE: New page: PIE session: Mainlevel (6 Jul 2020, 9:10:48 pm)
[2020.07.06-01.10.48:101][675]LogPlayLevel: Creating play world package: /Game/Levels/UEDPIE_0_Mainlevel
[2020.07.06-01.10.48:167][675]LogPlayLevel: PIE: StaticDuplicateObject took: (0.065578s)
[2020.07.06-01.10.48:168][675]LogAIModule: Creating AISystem for world Mainlevel
[2020.07.06-01.10.48:168][675]LogPlayLevel: PIE: World Init took: (0.001374s)
[2020.07.06-01.10.48:168][675]LogPlayLevel: PIE: Created PIE world by copying editor world from /Game/Levels/Mainlevel.Mainlevel to /Game/Levels/UEDPIE_0_Mainlevel.Mainlevel (0.067297s)
[2020.07.06-01.10.48:216][675]LogUObjectHash: Compacting FUObjectHashTables data took   5.94ms
[2020.07.06-01.10.48:217][675]LogAudioMixer: Display: Audio Mixer Platform Settings:
[2020.07.06-01.10.48:217][675]LogAudioMixer: Display: 	Sample Rate:						  48000
[2020.07.06-01.10.48:217][675]LogAudioMixer: Display: 	Callback Buffer Frame Size Requested: 1024
[2020.07.06-01.10.48:217][675]LogAudioMixer: Display: 	Callback Buffer Frame Size To Use:	  1024
[2020.07.06-01.10.48:217][675]LogAudioMixer: Display: 	Number of buffers to queue:			  2
[2020.07.06-01.10.48:217][675]LogAudioMixer: Display: 	Max Channels (voices):				  32
[2020.07.06-01.10.48:217][675]LogAudioMixer: Display: 	Number of Async Source Workers:		  0
[2020.07.06-01.10.48:218][675]LogAudio: Display: AudioDevice MaxSources: 32
[2020.07.06-01.10.48:218][675]LogAudio: Display: Using built-in audio occlusion.
[2020.07.06-01.10.48:218][675]LogAudioMixer: Display: Initializing audio mixer.
[2020.07.06-01.10.48:259][675]LogAudioMixer: Display: Audio Device Output Speaker Info:
[2020.07.06-01.10.48:259][675]LogAudioMixer: Display: Name: Speakers (High Definition Audio Device)
[2020.07.06-01.10.48:259][675]LogAudioMixer: Display: Is Default: Yes
[2020.07.06-01.10.48:259][675]LogAudioMixer: Display: Sample Rate: 96000
[2020.07.06-01.10.48:259][675]LogAudioMixer: Display: Channel Count Used: 2
[2020.07.06-01.10.48:260][675]LogAudioMixer: Display: Device Channel Count: 2
[2020.07.06-01.10.48:260][675]LogAudioMixer: Display: Channel Order:
[2020.07.06-01.10.48:260][675]LogAudioMixer: Display: 0: FrontLeft
[2020.07.06-01.10.48:260][675]LogAudioMixer: Display: 1: FrontRight
[2020.07.06-01.10.48:279][675]LogAudioMixer: Display: Using Audio Device Speakers (High Definition Audio Device)
[2020.07.06-01.10.48:281][675]LogInit: FAudioDevice initialized.
[2020.07.06-01.10.48:293][675]LogLoad: Game class is 'BP_FPS_GameMode_C'
[2020.07.06-01.10.48:306][675]LogWorld: Bringing World /Game/Levels/UEDPIE_0_Mainlevel.Mainlevel up for play (max tick rate 0) at 2020.07.06-11.10.48
[2020.07.06-01.10.48:306][675]LogWorld: Bringing up level for play took: 0.012401
[2020.07.06-01.10.48:321][675]LogOnline: OSS: Creating online subsystem instance for: :Context_9
[2020.07.06-01.10.48:326][675]PIE: Play in editor start time for /Game/Levels/UEDPIE_0_Mainlevel 1.139
[2020.07.06-01.10.48:326][675]LogBlueprintUserMessages: Late PlayInEditor Detection: Level '/Game/Levels/Mainlevel.Mainlevel:PersistentLevel' has LevelScriptBlueprint '/Game/Levels/Mainlevel.Mainlevel:PersistentLevel.Mainlevel' with GeneratedClass '/Game/Levels/Mainlevel.Mainlevel_C' with ClassGeneratedBy '/Game/Levels/Mainlevel.Mainlevel:PersistentLevel.Mainlevel'
[2020.07.06-01.10.49:409][793]LogPlayerController: Error: InputMode:UIOnly - Attempting to focus Non-Focusable widget SObjectWidget [Widget.cpp(776)]!
[2020.07.06-01.10.52:087][110]LogAudioMixer: Display: No commands were queued while flushing the source manager.
[2020.07.06-01.10.52:087][110]LogAudioMixer: Display: No commands were queued while flushing the source manager.
[2020.07.06-01.10.52:087][110]LogBlueprintUserMessages: Early EndPlayMap Detection: Level '/Game/Levels/Mainlevel.Mainlevel:PersistentLevel' has LevelScriptBlueprint '/Game/Levels/Mainlevel.Mainlevel:PersistentLevel.Mainlevel' with GeneratedClass '/Game/Levels/Mainlevel.Mainlevel_C' with ClassGeneratedBy '/Game/Levels/Mainlevel.Mainlevel:PersistentLevel.Mainlevel'
[2020.07.06-01.10.52:087][110]LogSlate: Updating window title bar state: overlay mode, drag disabled, window buttons hidden, title bar hidden
[2020.07.06-01.10.52:087][110]LogWorld: BeginTearingDown for /Game/Levels/UEDPIE_0_Mainlevel
[2020.07.06-01.10.52:088][110]LogAudioMixer: Display: No commands were queued while flushing the source manager.
[2020.07.06-01.10.52:088][110]LogWorld: UWorld::CleanupWorld for Mainlevel, bSessionEnded=true, bCleanupResources=true
[2020.07.06-01.10.52:090][110]LogSlate: InvalidateAllWidgets triggered.  All widgets were invalidated
[2020.07.06-01.10.52:094][110]LogPlayLevel: Display: Shutting down PIE online subsystems
[2020.07.06-01.10.52:094][110]LogBlueprintUserMessages: Late EndPlayMap Detection: Level '/Game/Levels/Mainlevel.Mainlevel:PersistentLevel' has LevelScriptBlueprint '/Game/Levels/Mainlevel.Mainlevel:PersistentLevel.Mainlevel' with GeneratedClass '/Game/Levels/Mainlevel.Mainlevel_C' with ClassGeneratedBy '/Game/Levels/Mainlevel.Mainlevel:PersistentLevel.Mainlevel'
[2020.07.06-01.10.52:100][110]LogSlate: InvalidateAllWidgets triggered.  All widgets were invalidated
[2020.07.06-01.10.52:142][110]LogAudioMixer: Display: No commands were queued while flushing the source manager.
[2020.07.06-01.10.52:145][110]LogSlate: Updating window title bar state: overlay mode, drag disabled, window buttons hidden, title bar hidden
[2020.07.06-01.10.52:152][110]LogUObjectHash: Compacting FUObjectHashTables data took   4.36ms
[2020.07.06-01.10.52:196][112]LogPlayLevel: Display: Destroying online subsystem :Context_9
[2020.07.06-01.11.18:749][597]LogTemp: Repeating last play command: Selected Viewport
[2020.07.06-01.11.18:768][597]LogBlueprintUserMessages: Early PlayInEditor Detection: Level '/Game/Levels/Mainlevel.Mainlevel:PersistentLevel' has LevelScriptBlueprint '/Game/Levels/Mainlevel.Mainlevel:PersistentLevel.Mainlevel' with GeneratedClass '/Game/Levels/Mainlevel.Mainlevel_C' with ClassGeneratedBy '/Game/Levels/Mainlevel.Mainlevel:PersistentLevel.Mainlevel'
[2020.07.06-01.11.18:768][597]LogPlayLevel: PlayLevel: No blueprints needed recompiling
[2020.07.06-01.11.18:768][597]PIE: New page: PIE session: Mainlevel (6 Jul 2020, 9:11:18 pm)
[2020.07.06-01.11.18:768][597]LogPlayLevel: Creating play world package: /Game/Levels/UEDPIE_0_Mainlevel
[2020.07.06-01.11.18:831][597]LogPlayLevel: PIE: StaticDuplicateObject took: (0.062850s)
[2020.07.06-01.11.18:832][597]LogAIModule: Creating AISystem for world Mainlevel
[2020.07.06-01.11.18:832][597]LogPlayLevel: PIE: World Init took: (0.001196s)
[2020.07.06-01.11.18:833][597]LogPlayLevel: PIE: Created PIE world by copying editor world from /Game/Levels/Mainlevel.Mainlevel to /Game/Levels/UEDPIE_0_Mainlevel.Mainlevel (0.064392s)
[2020.07.06-01.11.18:875][597]LogUObjectHash: Compacting FUObjectHashTables data took   3.83ms
[2020.07.06-01.11.18:877][597]LogAudioMixer: Display: Audio Mixer Platform Settings:
[2020.07.06-01.11.18:877][597]LogAudioMixer: Display: 	Sample Rate:						  48000
[2020.07.06-01.11.18:877][597]LogAudioMixer: Display: 	Callback Buffer Frame Size Requested: 1024
[2020.07.06-01.11.18:877][597]LogAudioMixer: Display: 	Callback Buffer Frame Size To Use:	  1024
[2020.07.06-01.11.18:877][597]LogAudioMixer: Display: 	Number of buffers to queue:			  2
[2020.07.06-01.11.18:877][597]LogAudioMixer: Display: 	Max Channels (voices):				  32
[2020.07.06-01.11.18:878][597]LogAudioMixer: Display: 	Number of Async Source Workers:		  0
[2020.07.06-01.11.18:878][597]LogAudio: Display: AudioDevice MaxSources: 32
[2020.07.06-01.11.18:878][597]LogAudio: Display: Using built-in audio occlusion.
[2020.07.06-01.11.18:878][597]LogAudioMixer: Display: Initializing audio mixer.
[2020.07.06-01.11.18:918][597]LogAudioMixer: Display: Audio Device Output Speaker Info:
[2020.07.06-01.11.18:918][597]LogAudioMixer: Display: Name: Speakers (High Definition Audio Device)
[2020.07.06-01.11.18:918][597]LogAudioMixer: Display: Is Default: Yes
[2020.07.06-01.11.18:918][597]LogAudioMixer: Display: Sample Rate: 96000
[2020.07.06-01.11.18:918][597]LogAudioMixer: Display: Channel Count Used: 2
[2020.07.06-01.11.18:918][597]LogAudioMixer: Display: Device Channel Count: 2
[2020.07.06-01.11.18:919][597]LogAudioMixer: Display: Channel Order:
[2020.07.06-01.11.18:919][597]LogAudioMixer: Display: 0: FrontLeft
[2020.07.06-01.11.18:919][597]LogAudioMixer: Display: 1: FrontRight
[2020.07.06-01.11.18:938][597]LogAudioMixer: Display: Using Audio Device Speakers (High Definition Audio Device)
[2020.07.06-01.11.18:939][597]LogInit: FAudioDevice initialized.
[2020.07.06-01.11.18:949][597]LogLoad: Game class is 'BP_FPS_GameMode_C'
[2020.07.06-01.11.18:963][597]LogWorld: Bringing World /Game/Levels/UEDPIE_0_Mainlevel.Mainlevel up for play (max tick rate 0) at 2020.07.06-11.11.18
[2020.07.06-01.11.18:963][597]LogWorld: Bringing up level for play took: 0.012844
[2020.07.06-01.11.18:977][597]LogOnline: OSS: Creating online subsystem instance for: :Context_10
[2020.07.06-01.11.18:982][597]PIE: Play in editor start time for /Game/Levels/UEDPIE_0_Mainlevel -0.204
[2020.07.06-01.11.18:982][597]LogBlueprintUserMessages: Late PlayInEditor Detection: Level '/Game/Levels/Mainlevel.Mainlevel:PersistentLevel' has LevelScriptBlueprint '/Game/Levels/Mainlevel.Mainlevel:PersistentLevel.Mainlevel' with GeneratedClass '/Game/Levels/Mainlevel.Mainlevel_C' with ClassGeneratedBy '/Game/Levels/Mainlevel.Mainlevel:PersistentLevel.Mainlevel'
[2020.07.06-01.11.24:801][284]LogPlayerController: Error: InputMode:UIOnly - Attempting to focus Non-Focusable widget SObjectWidget [Widget.cpp(776)]!
[2020.07.06-01.11.27:121][562]LogAudioMixer: Display: No commands were queued while flushing the source manager.
[2020.07.06-01.11.27:122][562]LogAudioMixer: Display: No commands were queued while flushing the source manager.
[2020.07.06-01.11.27:122][562]LogBlueprintUserMessages: Early EndPlayMap Detection: Level '/Game/Levels/Mainlevel.Mainlevel:PersistentLevel' has LevelScriptBlueprint '/Game/Levels/Mainlevel.Mainlevel:PersistentLevel.Mainlevel' with GeneratedClass '/Game/Levels/Mainlevel.Mainlevel_C' with ClassGeneratedBy '/Game/Levels/Mainlevel.Mainlevel:PersistentLevel.Mainlevel'
[2020.07.06-01.11.27:122][562]LogSlate: Updating window title bar state: overlay mode, drag disabled, window buttons hidden, title bar hidden
[2020.07.06-01.11.27:122][562]LogWorld: BeginTearingDown for /Game/Levels/UEDPIE_0_Mainlevel
[2020.07.06-01.11.27:122][562]LogAudioMixer: Display: No commands were queued while flushing the source manager.
[2020.07.06-01.11.27:123][562]LogWorld: UWorld::CleanupWorld for Mainlevel, bSessionEnded=true, bCleanupResources=true
[2020.07.06-01.11.27:125][562]LogSlate: InvalidateAllWidgets triggered.  All widgets were invalidated
[2020.07.06-01.11.27:134][562]LogPlayLevel: Display: Shutting down PIE online subsystems
[2020.07.06-01.11.27:135][562]LogBlueprintUserMessages: Late EndPlayMap Detection: Level '/Game/Levels/Mainlevel.Mainlevel:PersistentLevel' has LevelScriptBlueprint '/Game/Levels/Mainlevel.Mainlevel:PersistentLevel.Mainlevel' with GeneratedClass '/Game/Levels/Mainlevel.Mainlevel_C' with ClassGeneratedBy '/Game/Levels/Mainlevel.Mainlevel:PersistentLevel.Mainlevel'
[2020.07.06-01.11.27:140][562]LogSlate: InvalidateAllWidgets triggered.  All widgets were invalidated
[2020.07.06-01.11.27:180][562]LogAudioMixer: Display: No commands were queued while flushing the source manager.
[2020.07.06-01.11.27:183][562]LogSlate: Updating window title bar state: overlay mode, drag disabled, window buttons hidden, title bar hidden
[2020.07.06-01.11.27:191][562]LogUObjectHash: Compacting FUObjectHashTables data took   3.88ms
[2020.07.06-01.11.27:236][564]LogPlayLevel: Display: Destroying online subsystem :Context_10
[2020.07.06-01.11.30:733][964]Cmd: OBJ SAVEPACKAGE PACKAGE="/Game/Levels/Mainlevel" FILE="../../../../../Unreal Projects/CodZombiesBruh/ZombiesBruh/Content/Levels/Mainlevel.umap" SILENT=true AUTOSAVING=false KEEPDIRTY=false
[2020.07.06-01.11.30:806][964]LogUObjectHash: Compacting FUObjectHashTables data took   1.09ms
[2020.07.06-01.11.31:427][964]LogSavePackage: Moving '../../../../../Unreal Projects/CodZombiesBruh/ZombiesBruh/Saved/Mainlevel1791E3534CF987B050F264A2414D7115.tmp' to '../../../../../Unreal Projects/CodZombiesBruh/ZombiesBruh/Content/Levels/Mainlevel.umap'
[2020.07.06-01.11.31:460][964]Cmd: OBJ SAVEPACKAGE PACKAGE="/Game/Levels/Mainlevel_BuiltData" FILE="../../../../../Unreal Projects/CodZombiesBruh/ZombiesBruh/Content/Levels/Mainlevel_BuiltData.uasset" SILENT=true
[2020.07.06-01.11.32:771][964]LogSavePackage: Moving '../../../../../Unreal Projects/CodZombiesBruh/ZombiesBruh/Saved/Mainlevel_BuiltDataD9F349AB4234F1D533768A91C0DA008C.tmp' to '../../../../../Unreal Projects/CodZombiesBruh/ZombiesBruh/Content/Levels/Mainlevel_BuiltData.uasset'
[2020.07.06-01.11.32:851][964]AssetCheck: New page: Asset Save: multiple assets
[2020.07.06-01.11.32:851][964]LogContentValidation: Display: Validating World /Game/Levels/Mainlevel.Mainlevel
[2020.07.06-01.11.32:851][964]LogContentValidation: Display: Validating MapBuildDataRegistry /Game/Levels/Mainlevel_BuiltData.Mainlevel_BuiltData
